<?xml version="1.0" encoding="UTF-8"?>
<testsuite name="Registro de usuario en la plataforma Utest" tests="1" skipped="0" failures="0" errors="0" timestamp="2022-07-07T06:23:50" hostname="ALEJO" time="76.885">
  <properties/>
  <testcase name="Registro de Luis en Utest" classname="Registro de usuario en la plataforma Utest" time="76.885"/>
  <system-out><![CDATA[]]></system-out>
  <system-err><![CDATA[[Test worker] WARN net.thucydides.core.steps.BaseStepListener - stepStarted: net.thucydides.core.steps.ExecutedStepDescription@269455e1
[Test worker] WARN net.thucydides.core.steps.BaseStepListener - stepStarted: net.thucydides.core.steps.ExecutedStepDescription@61049ea
[Test worker] WARN net.thucydides.core.steps.BaseStepListener - stepStarted: net.thucydides.core.steps.ExecutedStepDescription@6fafb0c9
jul. 07, 2022 1:23:52 A. M. org.openqa.selenium.remote.DesiredCapabilities chrome
INFORMACIÓN: Using `new ChromeOptions()` is preferred to `DesiredCapabilities.chrome()`
[Test worker] INFO net.serenitybdd.core.webdriver.driverproviders.ProvideNewDriver - Instantiating driver
[Test worker] INFO net.serenitybdd.core.webdriver.driverproviders.ProvideNewDriver - Driver capabilities: Capabilities {acceptInsecureCerts: false, browserName: chrome, chrome.switches: --start-maximized, goog:chromeOptions: {args: [--start-maximized], extensions: []}, loggingPrefs: org.openqa.selenium.logging..., platform: ANY, version: }
Starting ChromeDriver 103.0.5060.53 (a1711811edd74ff1cf2150f36ffa3b0dae40b17f-refs/branch-heads/5060@{#853}) on port 47258
Only local connections are allowed.
Please see https://chromedriver.chromium.org/security-considerations for suggestions on keeping ChromeDriver safe.
ChromeDriver was started successfully.
jul. 07, 2022 1:23:56 A. M. org.openqa.selenium.remote.ProtocolHandshake createSession
INFORMACIÓN: Detected dialect: W3C
[Test worker] WARN net.thucydides.core.steps.BaseStepListener - stepFinished: current outcome:Registro de Luis en Utest:Given Luis desea registrarse en la plataforma Utest [Luis abrir pagina utest [Luis opens the Pagina utest]]
[Test worker] WARN net.thucydides.core.steps.BaseStepListener - stepStarted: net.thucydides.core.steps.ExecutedStepDescription@16d3cb71
[Test worker] WARN net.thucydides.core.steps.BaseStepListener - stepFinished: current outcome:Registro de Luis en Utest:Given Luis desea registrarse en la plataforma Utest [Luis abrir pagina utest [Luis opens the Pagina utest, Luis clicks on Boton para iniciar proceso de registro]]
[Test worker] WARN net.thucydides.core.steps.BaseStepListener - stepFinished: current outcome:Registro de Luis en Utest:Given Luis desea registrarse en la plataforma Utest [Luis abrir pagina utest [Luis opens the Pagina utest, Luis clicks on Boton para iniciar proceso de registro]]
[Test worker] WARN net.thucydides.core.steps.BaseStepListener - stepFinished: current outcome:Registro de Luis en Utest:Given Luis desea registrarse en la plataforma Utest [Luis abrir pagina utest [Luis opens the Pagina utest, Luis clicks on Boton para iniciar proceso de registro]]
[Test worker] WARN net.thucydides.core.steps.BaseStepListener - stepStarted: net.thucydides.core.steps.ExecutedStepDescription@71e72d75
[Test worker] WARN net.thucydides.core.steps.BaseStepListener - stepStarted: net.thucydides.core.steps.ExecutedStepDescription@75492b72
[Test worker] WARN net.thucydides.core.steps.BaseStepListener - stepStarted: net.thucydides.core.steps.ExecutedStepDescription@26fa34
[Test worker] WARN net.thucydides.core.steps.BaseStepListener - stepFinished: current outcome:Registro de Luis en Utest:Given Luis desea registrarse en la plataforma Utest [Luis abrir pagina utest [Luis opens the Pagina utest, Luis clicks on Boton para iniciar proceso de registro]], When El usuario ingresa toda la informacion requerida por la pagina
| strNombre | strApellido | strEmail | strMesNacimiento | strDiaNacimiento | strAnoNacimiento | strCiudad | strCodigoPostal | strPais | strComputador | strVersionComputador | strLenguajeComputador | strDispositivoMovil | strModeloDispositivoMovil | strSistemaOperativoMovil | strContrasena |
| Luis | Rey | alejandrorey0811999@gmail.com | November | 8 | 1999 | Villavicencio | 12345 | Colombia | Windows | 10 | Spanish | Samsung | Galaxy M12 | Android 11 | LuisRey@1234 | [Luis llenar pagina info personal [Luis enters 'Luis' into Nombre de usuario]]
[Test worker] WARN net.thucydides.core.steps.BaseStepListener - stepStarted: net.thucydides.core.steps.ExecutedStepDescription@5440ccc9
[Test worker] WARN net.thucydides.core.steps.BaseStepListener - stepFinished: current outcome:Registro de Luis en Utest:Given Luis desea registrarse en la plataforma Utest [Luis abrir pagina utest [Luis opens the Pagina utest, Luis clicks on Boton para iniciar proceso de registro]], When El usuario ingresa toda la informacion requerida por la pagina
| strNombre | strApellido | strEmail | strMesNacimiento | strDiaNacimiento | strAnoNacimiento | strCiudad | strCodigoPostal | strPais | strComputador | strVersionComputador | strLenguajeComputador | strDispositivoMovil | strModeloDispositivoMovil | strSistemaOperativoMovil | strContrasena |
| Luis | Rey | alejandrorey0811999@gmail.com | November | 8 | 1999 | Villavicencio | 12345 | Colombia | Windows | 10 | Spanish | Samsung | Galaxy M12 | Android 11 | LuisRey@1234 | [Luis llenar pagina info personal [Luis enters 'Luis' into Nombre de usuario, Luis enters 'Rey' into Apellido de usuario]]
[Test worker] WARN net.thucydides.core.steps.BaseStepListener - stepStarted: net.thucydides.core.steps.ExecutedStepDescription@498fef93
[Test worker] WARN net.thucydides.core.steps.BaseStepListener - stepFinished: current outcome:Registro de Luis en Utest:Given Luis desea registrarse en la plataforma Utest [Luis abrir pagina utest [Luis opens the Pagina utest, Luis clicks on Boton para iniciar proceso de registro]], When El usuario ingresa toda la informacion requerida por la pagina
| strNombre | strApellido | strEmail | strMesNacimiento | strDiaNacimiento | strAnoNacimiento | strCiudad | strCodigoPostal | strPais | strComputador | strVersionComputador | strLenguajeComputador | strDispositivoMovil | strModeloDispositivoMovil | strSistemaOperativoMovil | strContrasena |
| Luis | Rey | alejandrorey0811999@gmail.com | November | 8 | 1999 | Villavicencio | 12345 | Colombia | Windows | 10 | Spanish | Samsung | Galaxy M12 | Android 11 | LuisRey@1234 | [Luis llenar pagina info personal [Luis enters 'Luis' into Nombre de usuario, Luis enters 'Rey' into Apellido de usuario, Luis enters 'alejandrorey0811999@gmail.com' into Email de usuario]]
[Test worker] WARN net.thucydides.core.steps.BaseStepListener - stepStarted: net.thucydides.core.steps.ExecutedStepDescription@1278506d
[Test worker] WARN net.thucydides.core.steps.BaseStepListener - stepFinished: current outcome:Registro de Luis en Utest:Given Luis desea registrarse en la plataforma Utest [Luis abrir pagina utest [Luis opens the Pagina utest, Luis clicks on Boton para iniciar proceso de registro]], When El usuario ingresa toda la informacion requerida por la pagina
| strNombre | strApellido | strEmail | strMesNacimiento | strDiaNacimiento | strAnoNacimiento | strCiudad | strCodigoPostal | strPais | strComputador | strVersionComputador | strLenguajeComputador | strDispositivoMovil | strModeloDispositivoMovil | strSistemaOperativoMovil | strContrasena |
| Luis | Rey | alejandrorey0811999@gmail.com | November | 8 | 1999 | Villavicencio | 12345 | Colombia | Windows | 10 | Spanish | Samsung | Galaxy M12 | Android 11 | LuisRey@1234 | [Luis llenar pagina info personal [Luis enters 'Luis' into Nombre de usuario, Luis enters 'Rey' into Apellido de usuario, Luis enters 'alejandrorey0811999@gmail.com' into Email de usuario, Luis select November on Mes nacimiento de usuario]]
[Test worker] WARN net.thucydides.core.steps.BaseStepListener - stepStarted: net.thucydides.core.steps.ExecutedStepDescription@530451b1
[Test worker] WARN net.thucydides.core.steps.BaseStepListener - stepFinished: current outcome:Registro de Luis en Utest:Given Luis desea registrarse en la plataforma Utest [Luis abrir pagina utest [Luis opens the Pagina utest, Luis clicks on Boton para iniciar proceso de registro]], When El usuario ingresa toda la informacion requerida por la pagina
| strNombre | strApellido | strEmail | strMesNacimiento | strDiaNacimiento | strAnoNacimiento | strCiudad | strCodigoPostal | strPais | strComputador | strVersionComputador | strLenguajeComputador | strDispositivoMovil | strModeloDispositivoMovil | strSistemaOperativoMovil | strContrasena |
| Luis | Rey | alejandrorey0811999@gmail.com | November | 8 | 1999 | Villavicencio | 12345 | Colombia | Windows | 10 | Spanish | Samsung | Galaxy M12 | Android 11 | LuisRey@1234 | [Luis llenar pagina info personal [Luis enters 'Luis' into Nombre de usuario, Luis enters 'Rey' into Apellido de usuario, Luis enters 'alejandrorey0811999@gmail.com' into Email de usuario, Luis select November on Mes nacimiento de usuario, Luis select 8 on Dia nacimiento de usuario]]
[Test worker] WARN net.thucydides.core.steps.BaseStepListener - stepStarted: net.thucydides.core.steps.ExecutedStepDescription@76156221
[Test worker] WARN net.thucydides.core.steps.BaseStepListener - stepFinished: current outcome:Registro de Luis en Utest:Given Luis desea registrarse en la plataforma Utest [Luis abrir pagina utest [Luis opens the Pagina utest, Luis clicks on Boton para iniciar proceso de registro]], When El usuario ingresa toda la informacion requerida por la pagina
| strNombre | strApellido | strEmail | strMesNacimiento | strDiaNacimiento | strAnoNacimiento | strCiudad | strCodigoPostal | strPais | strComputador | strVersionComputador | strLenguajeComputador | strDispositivoMovil | strModeloDispositivoMovil | strSistemaOperativoMovil | strContrasena |
| Luis | Rey | alejandrorey0811999@gmail.com | November | 8 | 1999 | Villavicencio | 12345 | Colombia | Windows | 10 | Spanish | Samsung | Galaxy M12 | Android 11 | LuisRey@1234 | [Luis llenar pagina info personal [Luis enters 'Luis' into Nombre de usuario, Luis enters 'Rey' into Apellido de usuario, Luis enters 'alejandrorey0811999@gmail.com' into Email de usuario, Luis select November on Mes nacimiento de usuario, Luis select 8 on Dia nacimiento de usuario, Luis select 1999 on AÃ±o nacimiento de usuario]]
[Test worker] WARN net.thucydides.core.steps.BaseStepListener - stepStarted: net.thucydides.core.steps.ExecutedStepDescription@34d56c5b
[Test worker] WARN net.thucydides.core.steps.BaseStepListener - stepFinished: current outcome:Registro de Luis en Utest:Given Luis desea registrarse en la plataforma Utest [Luis abrir pagina utest [Luis opens the Pagina utest, Luis clicks on Boton para iniciar proceso de registro]], When El usuario ingresa toda la informacion requerida por la pagina
| strNombre | strApellido | strEmail | strMesNacimiento | strDiaNacimiento | strAnoNacimiento | strCiudad | strCodigoPostal | strPais | strComputador | strVersionComputador | strLenguajeComputador | strDispositivoMovil | strModeloDispositivoMovil | strSistemaOperativoMovil | strContrasena |
| Luis | Rey | alejandrorey0811999@gmail.com | November | 8 | 1999 | Villavicencio | 12345 | Colombia | Windows | 10 | Spanish | Samsung | Galaxy M12 | Android 11 | LuisRey@1234 | [Luis llenar pagina info personal [Luis enters 'Luis' into Nombre de usuario, Luis enters 'Rey' into Apellido de usuario, Luis enters 'alejandrorey0811999@gmail.com' into Email de usuario, Luis select November on Mes nacimiento de usuario, Luis select 8 on Dia nacimiento de usuario, Luis select 1999 on AÃ±o nacimiento de usuario, Luis clicks on Boton para ir a seccion de Direccion]]
[Test worker] WARN net.thucydides.core.steps.BaseStepListener - stepFinished: current outcome:Registro de Luis en Utest:Given Luis desea registrarse en la plataforma Utest [Luis abrir pagina utest [Luis opens the Pagina utest, Luis clicks on Boton para iniciar proceso de registro]], When El usuario ingresa toda la informacion requerida por la pagina
| strNombre | strApellido | strEmail | strMesNacimiento | strDiaNacimiento | strAnoNacimiento | strCiudad | strCodigoPostal | strPais | strComputador | strVersionComputador | strLenguajeComputador | strDispositivoMovil | strModeloDispositivoMovil | strSistemaOperativoMovil | strContrasena |
| Luis | Rey | alejandrorey0811999@gmail.com | November | 8 | 1999 | Villavicencio | 12345 | Colombia | Windows | 10 | Spanish | Samsung | Galaxy M12 | Android 11 | LuisRey@1234 | [Luis llenar pagina info personal [Luis enters 'Luis' into Nombre de usuario, Luis enters 'Rey' into Apellido de usuario, Luis enters 'alejandrorey0811999@gmail.com' into Email de usuario, Luis select November on Mes nacimiento de usuario, Luis select 8 on Dia nacimiento de usuario, Luis select 1999 on AÃ±o nacimiento de usuario, Luis clicks on Boton para ir a seccion de Direccion]]
[Test worker] WARN net.thucydides.core.steps.BaseStepListener - stepStarted: net.thucydides.core.steps.ExecutedStepDescription@3f85dde0
[Test worker] WARN net.thucydides.core.steps.BaseStepListener - stepStarted: net.thucydides.core.steps.ExecutedStepDescription@79b0c31
[Test worker] WARN net.thucydides.core.steps.BaseStepListener - stepFinished: current outcome:Registro de Luis en Utest:Given Luis desea registrarse en la plataforma Utest [Luis abrir pagina utest [Luis opens the Pagina utest, Luis clicks on Boton para iniciar proceso de registro]], When El usuario ingresa toda la informacion requerida por la pagina
| strNombre | strApellido | strEmail | strMesNacimiento | strDiaNacimiento | strAnoNacimiento | strCiudad | strCodigoPostal | strPais | strComputador | strVersionComputador | strLenguajeComputador | strDispositivoMovil | strModeloDispositivoMovil | strSistemaOperativoMovil | strContrasena |
| Luis | Rey | alejandrorey0811999@gmail.com | November | 8 | 1999 | Villavicencio | 12345 | Colombia | Windows | 10 | Spanish | Samsung | Galaxy M12 | Android 11 | LuisRey@1234 | [Luis llenar pagina info personal [Luis enters 'Luis' into Nombre de usuario, Luis enters 'Rey' into Apellido de usuario, Luis enters 'alejandrorey0811999@gmail.com' into Email de usuario, Luis select November on Mes nacimiento de usuario, Luis select 8 on Dia nacimiento de usuario, Luis select 1999 on AÃ±o nacimiento de usuario, Luis clicks on Boton para ir a seccion de Direccion], Luis llenar pagina direccion [Luis enters 'Villavicencio' into Ciudad]]
[Test worker] WARN net.thucydides.core.steps.BaseStepListener - stepStarted: net.thucydides.core.steps.ExecutedStepDescription@1d4537a3
[Test worker] WARN net.thucydides.core.steps.BaseStepListener - stepFinished: current outcome:Registro de Luis en Utest:Given Luis desea registrarse en la plataforma Utest [Luis abrir pagina utest [Luis opens the Pagina utest, Luis clicks on Boton para iniciar proceso de registro]], When El usuario ingresa toda la informacion requerida por la pagina
| strNombre | strApellido | strEmail | strMesNacimiento | strDiaNacimiento | strAnoNacimiento | strCiudad | strCodigoPostal | strPais | strComputador | strVersionComputador | strLenguajeComputador | strDispositivoMovil | strModeloDispositivoMovil | strSistemaOperativoMovil | strContrasena |
| Luis | Rey | alejandrorey0811999@gmail.com | November | 8 | 1999 | Villavicencio | 12345 | Colombia | Windows | 10 | Spanish | Samsung | Galaxy M12 | Android 11 | LuisRey@1234 | [Luis llenar pagina info personal [Luis enters 'Luis' into Nombre de usuario, Luis enters 'Rey' into Apellido de usuario, Luis enters 'alejandrorey0811999@gmail.com' into Email de usuario, Luis select November on Mes nacimiento de usuario, Luis select 8 on Dia nacimiento de usuario, Luis select 1999 on AÃ±o nacimiento de usuario, Luis clicks on Boton para ir a seccion de Direccion], Luis llenar pagina direccion [Luis enters 'Villavicencio' into Ciudad, Luis types 'ARROW_DOWN' in Ciudad]]
[Test worker] WARN net.thucydides.core.steps.BaseStepListener - stepStarted: net.thucydides.core.steps.ExecutedStepDescription@4e43a3d0
[Test worker] WARN net.thucydides.core.steps.BaseStepListener - stepFinished: current outcome:Registro de Luis en Utest:Given Luis desea registrarse en la plataforma Utest [Luis abrir pagina utest [Luis opens the Pagina utest, Luis clicks on Boton para iniciar proceso de registro]], When El usuario ingresa toda la informacion requerida por la pagina
| strNombre | strApellido | strEmail | strMesNacimiento | strDiaNacimiento | strAnoNacimiento | strCiudad | strCodigoPostal | strPais | strComputador | strVersionComputador | strLenguajeComputador | strDispositivoMovil | strModeloDispositivoMovil | strSistemaOperativoMovil | strContrasena |
| Luis | Rey | alejandrorey0811999@gmail.com | November | 8 | 1999 | Villavicencio | 12345 | Colombia | Windows | 10 | Spanish | Samsung | Galaxy M12 | Android 11 | LuisRey@1234 | [Luis llenar pagina info personal [Luis enters 'Luis' into Nombre de usuario, Luis enters 'Rey' into Apellido de usuario, Luis enters 'alejandrorey0811999@gmail.com' into Email de usuario, Luis select November on Mes nacimiento de usuario, Luis select 8 on Dia nacimiento de usuario, Luis select 1999 on AÃ±o nacimiento de usuario, Luis clicks on Boton para ir a seccion de Direccion], Luis llenar pagina direccion [Luis enters 'Villavicencio' into Ciudad, Luis types 'ARROW_DOWN' in Ciudad, Luis types 'ENTER' in Ciudad]]
[Test worker] WARN net.thucydides.core.steps.BaseStepListener - stepStarted: net.thucydides.core.steps.ExecutedStepDescription@17647abd
[Test worker] WARN net.thucydides.core.steps.BaseStepListener - stepFinished: current outcome:Registro de Luis en Utest:Given Luis desea registrarse en la plataforma Utest [Luis abrir pagina utest [Luis opens the Pagina utest, Luis clicks on Boton para iniciar proceso de registro]], When El usuario ingresa toda la informacion requerida por la pagina
| strNombre | strApellido | strEmail | strMesNacimiento | strDiaNacimiento | strAnoNacimiento | strCiudad | strCodigoPostal | strPais | strComputador | strVersionComputador | strLenguajeComputador | strDispositivoMovil | strModeloDispositivoMovil | strSistemaOperativoMovil | strContrasena |
| Luis | Rey | alejandrorey0811999@gmail.com | November | 8 | 1999 | Villavicencio | 12345 | Colombia | Windows | 10 | Spanish | Samsung | Galaxy M12 | Android 11 | LuisRey@1234 | [Luis llenar pagina info personal [Luis enters 'Luis' into Nombre de usuario, Luis enters 'Rey' into Apellido de usuario, Luis enters 'alejandrorey0811999@gmail.com' into Email de usuario, Luis select November on Mes nacimiento de usuario, Luis select 8 on Dia nacimiento de usuario, Luis select 1999 on AÃ±o nacimiento de usuario, Luis clicks on Boton para ir a seccion de Direccion], Luis llenar pagina direccion [Luis enters 'Villavicencio' into Ciudad, Luis types 'ARROW_DOWN' in Ciudad, Luis types 'ENTER' in Ciudad, Luis enters '12345' into Codigo postal]]
[Test worker] WARN net.thucydides.core.steps.BaseStepListener - stepStarted: net.thucydides.core.steps.ExecutedStepDescription@481ca6ca
[Test worker] WARN net.thucydides.core.steps.BaseStepListener - stepFinished: current outcome:Registro de Luis en Utest:Given Luis desea registrarse en la plataforma Utest [Luis abrir pagina utest [Luis opens the Pagina utest, Luis clicks on Boton para iniciar proceso de registro]], When El usuario ingresa toda la informacion requerida por la pagina
| strNombre | strApellido | strEmail | strMesNacimiento | strDiaNacimiento | strAnoNacimiento | strCiudad | strCodigoPostal | strPais | strComputador | strVersionComputador | strLenguajeComputador | strDispositivoMovil | strModeloDispositivoMovil | strSistemaOperativoMovil | strContrasena |
| Luis | Rey | alejandrorey0811999@gmail.com | November | 8 | 1999 | Villavicencio | 12345 | Colombia | Windows | 10 | Spanish | Samsung | Galaxy M12 | Android 11 | LuisRey@1234 | [Luis llenar pagina info personal [Luis enters 'Luis' into Nombre de usuario, Luis enters 'Rey' into Apellido de usuario, Luis enters 'alejandrorey0811999@gmail.com' into Email de usuario, Luis select November on Mes nacimiento de usuario, Luis select 8 on Dia nacimiento de usuario, Luis select 1999 on AÃ±o nacimiento de usuario, Luis clicks on Boton para ir a seccion de Direccion], Luis llenar pagina direccion [Luis enters 'Villavicencio' into Ciudad, Luis types 'ARROW_DOWN' in Ciudad, Luis types 'ENTER' in Ciudad, Luis enters '12345' into Codigo postal, Luis clicks on Contenedor de paises]]
[Test worker] WARN net.thucydides.core.steps.BaseStepListener - stepStarted: net.thucydides.core.steps.ExecutedStepDescription@5e492b4c
[Test worker] WARN net.thucydides.core.steps.BaseStepListener - stepFinished: current outcome:Registro de Luis en Utest:Given Luis desea registrarse en la plataforma Utest [Luis abrir pagina utest [Luis opens the Pagina utest, Luis clicks on Boton para iniciar proceso de registro]], When El usuario ingresa toda la informacion requerida por la pagina
| strNombre | strApellido | strEmail | strMesNacimiento | strDiaNacimiento | strAnoNacimiento | strCiudad | strCodigoPostal | strPais | strComputador | strVersionComputador | strLenguajeComputador | strDispositivoMovil | strModeloDispositivoMovil | strSistemaOperativoMovil | strContrasena |
| Luis | Rey | alejandrorey0811999@gmail.com | November | 8 | 1999 | Villavicencio | 12345 | Colombia | Windows | 10 | Spanish | Samsung | Galaxy M12 | Android 11 | LuisRey@1234 | [Luis llenar pagina info personal [Luis enters 'Luis' into Nombre de usuario, Luis enters 'Rey' into Apellido de usuario, Luis enters 'alejandrorey0811999@gmail.com' into Email de usuario, Luis select November on Mes nacimiento de usuario, Luis select 8 on Dia nacimiento de usuario, Luis select 1999 on AÃ±o nacimiento de usuario, Luis clicks on Boton para ir a seccion de Direccion], Luis llenar pagina direccion [Luis enters 'Villavicencio' into Ciudad, Luis types 'ARROW_DOWN' in Ciudad, Luis types 'ENTER' in Ciudad, Luis enters '12345' into Codigo postal, Luis clicks on Contenedor de paises, Luis enters 'Colombia' then hits ARROW_DOWN and ENTER into Pais]]
[Test worker] WARN net.thucydides.core.steps.BaseStepListener - stepStarted: net.thucydides.core.steps.ExecutedStepDescription@34dffb08
[Test worker] WARN net.thucydides.core.steps.BaseStepListener - stepFinished: current outcome:Registro de Luis en Utest:Given Luis desea registrarse en la plataforma Utest [Luis abrir pagina utest [Luis opens the Pagina utest, Luis clicks on Boton para iniciar proceso de registro]], When El usuario ingresa toda la informacion requerida por la pagina
| strNombre | strApellido | strEmail | strMesNacimiento | strDiaNacimiento | strAnoNacimiento | strCiudad | strCodigoPostal | strPais | strComputador | strVersionComputador | strLenguajeComputador | strDispositivoMovil | strModeloDispositivoMovil | strSistemaOperativoMovil | strContrasena |
| Luis | Rey | alejandrorey0811999@gmail.com | November | 8 | 1999 | Villavicencio | 12345 | Colombia | Windows | 10 | Spanish | Samsung | Galaxy M12 | Android 11 | LuisRey@1234 | [Luis llenar pagina info personal [Luis enters 'Luis' into Nombre de usuario, Luis enters 'Rey' into Apellido de usuario, Luis enters 'alejandrorey0811999@gmail.com' into Email de usuario, Luis select November on Mes nacimiento de usuario, Luis select 8 on Dia nacimiento de usuario, Luis select 1999 on AÃ±o nacimiento de usuario, Luis clicks on Boton para ir a seccion de Direccion], Luis llenar pagina direccion [Luis enters 'Villavicencio' into Ciudad, Luis types 'ARROW_DOWN' in Ciudad, Luis types 'ENTER' in Ciudad, Luis enters '12345' into Codigo postal, Luis clicks on Contenedor de paises, Luis enters 'Colombia' then hits ARROW_DOWN and ENTER into Pais, Luis clicks on Boton que lleva a la seccion Dispositivos]]
[Test worker] WARN net.thucydides.core.steps.BaseStepListener - stepFinished: current outcome:Registro de Luis en Utest:Given Luis desea registrarse en la plataforma Utest [Luis abrir pagina utest [Luis opens the Pagina utest, Luis clicks on Boton para iniciar proceso de registro]], When El usuario ingresa toda la informacion requerida por la pagina
| strNombre | strApellido | strEmail | strMesNacimiento | strDiaNacimiento | strAnoNacimiento | strCiudad | strCodigoPostal | strPais | strComputador | strVersionComputador | strLenguajeComputador | strDispositivoMovil | strModeloDispositivoMovil | strSistemaOperativoMovil | strContrasena |
| Luis | Rey | alejandrorey0811999@gmail.com | November | 8 | 1999 | Villavicencio | 12345 | Colombia | Windows | 10 | Spanish | Samsung | Galaxy M12 | Android 11 | LuisRey@1234 | [Luis llenar pagina info personal [Luis enters 'Luis' into Nombre de usuario, Luis enters 'Rey' into Apellido de usuario, Luis enters 'alejandrorey0811999@gmail.com' into Email de usuario, Luis select November on Mes nacimiento de usuario, Luis select 8 on Dia nacimiento de usuario, Luis select 1999 on AÃ±o nacimiento de usuario, Luis clicks on Boton para ir a seccion de Direccion], Luis llenar pagina direccion [Luis enters 'Villavicencio' into Ciudad, Luis types 'ARROW_DOWN' in Ciudad, Luis types 'ENTER' in Ciudad, Luis enters '12345' into Codigo postal, Luis clicks on Contenedor de paises, Luis enters 'Colombia' then hits ARROW_DOWN and ENTER into Pais, Luis clicks on Boton que lleva a la seccion Dispositivos]]
[Test worker] WARN net.thucydides.core.steps.BaseStepListener - stepStarted: net.thucydides.core.steps.ExecutedStepDescription@244cc69
[Test worker] WARN net.thucydides.core.steps.BaseStepListener - stepStarted: net.thucydides.core.steps.ExecutedStepDescription@7966be1b
[Test worker] WARN net.thucydides.core.steps.BaseStepListener - stepFinished: current outcome:Registro de Luis en Utest:Given Luis desea registrarse en la plataforma Utest [Luis abrir pagina utest [Luis opens the Pagina utest, Luis clicks on Boton para iniciar proceso de registro]], When El usuario ingresa toda la informacion requerida por la pagina
| strNombre | strApellido | strEmail | strMesNacimiento | strDiaNacimiento | strAnoNacimiento | strCiudad | strCodigoPostal | strPais | strComputador | strVersionComputador | strLenguajeComputador | strDispositivoMovil | strModeloDispositivoMovil | strSistemaOperativoMovil | strContrasena |
| Luis | Rey | alejandrorey0811999@gmail.com | November | 8 | 1999 | Villavicencio | 12345 | Colombia | Windows | 10 | Spanish | Samsung | Galaxy M12 | Android 11 | LuisRey@1234 | [Luis llenar pagina info personal [Luis enters 'Luis' into Nombre de usuario, Luis enters 'Rey' into Apellido de usuario, Luis enters 'alejandrorey0811999@gmail.com' into Email de usuario, Luis select November on Mes nacimiento de usuario, Luis select 8 on Dia nacimiento de usuario, Luis select 1999 on AÃ±o nacimiento de usuario, Luis clicks on Boton para ir a seccion de Direccion], Luis llenar pagina direccion [Luis enters 'Villavicencio' into Ciudad, Luis types 'ARROW_DOWN' in Ciudad, Luis types 'ENTER' in Ciudad, Luis enters '12345' into Codigo postal, Luis clicks on Contenedor de paises, Luis enters 'Colombia' then hits ARROW_DOWN and ENTER into Pais, Luis clicks on Boton que lleva a la seccion Dispositivos], Luis llenar pagina dispositivos [Luis clicks on Contenedor de computadores]]
[Test worker] WARN net.thucydides.core.steps.BaseStepListener - stepStarted: net.thucydides.core.steps.ExecutedStepDescription@5b5fc54
[Test worker] WARN net.thucydides.core.steps.BaseStepListener - stepFinished: current outcome:Registro de Luis en Utest:Given Luis desea registrarse en la plataforma Utest [Luis abrir pagina utest [Luis opens the Pagina utest, Luis clicks on Boton para iniciar proceso de registro]], When El usuario ingresa toda la informacion requerida por la pagina
| strNombre | strApellido | strEmail | strMesNacimiento | strDiaNacimiento | strAnoNacimiento | strCiudad | strCodigoPostal | strPais | strComputador | strVersionComputador | strLenguajeComputador | strDispositivoMovil | strModeloDispositivoMovil | strSistemaOperativoMovil | strContrasena |
| Luis | Rey | alejandrorey0811999@gmail.com | November | 8 | 1999 | Villavicencio | 12345 | Colombia | Windows | 10 | Spanish | Samsung | Galaxy M12 | Android 11 | LuisRey@1234 | [Luis llenar pagina info personal [Luis enters 'Luis' into Nombre de usuario, Luis enters 'Rey' into Apellido de usuario, Luis enters 'alejandrorey0811999@gmail.com' into Email de usuario, Luis select November on Mes nacimiento de usuario, Luis select 8 on Dia nacimiento de usuario, Luis select 1999 on AÃ±o nacimiento de usuario, Luis clicks on Boton para ir a seccion de Direccion], Luis llenar pagina direccion [Luis enters 'Villavicencio' into Ciudad, Luis types 'ARROW_DOWN' in Ciudad, Luis types 'ENTER' in Ciudad, Luis enters '12345' into Codigo postal, Luis clicks on Contenedor de paises, Luis enters 'Colombia' then hits ARROW_DOWN and ENTER into Pais, Luis clicks on Boton que lleva a la seccion Dispositivos], Luis llenar pagina dispositivos [Luis clicks on Contenedor de computadores, Luis enters 'Windows' then hits ARROW_DOWN and ENTER into Computador]]
[Test worker] WARN net.thucydides.core.steps.BaseStepListener - stepStarted: net.thucydides.core.steps.ExecutedStepDescription@51404c65
[Test worker] WARN net.thucydides.core.steps.BaseStepListener - stepFinished: current outcome:Registro de Luis en Utest:Given Luis desea registrarse en la plataforma Utest [Luis abrir pagina utest [Luis opens the Pagina utest, Luis clicks on Boton para iniciar proceso de registro]], When El usuario ingresa toda la informacion requerida por la pagina
| strNombre | strApellido | strEmail | strMesNacimiento | strDiaNacimiento | strAnoNacimiento | strCiudad | strCodigoPostal | strPais | strComputador | strVersionComputador | strLenguajeComputador | strDispositivoMovil | strModeloDispositivoMovil | strSistemaOperativoMovil | strContrasena |
| Luis | Rey | alejandrorey0811999@gmail.com | November | 8 | 1999 | Villavicencio | 12345 | Colombia | Windows | 10 | Spanish | Samsung | Galaxy M12 | Android 11 | LuisRey@1234 | [Luis llenar pagina info personal [Luis enters 'Luis' into Nombre de usuario, Luis enters 'Rey' into Apellido de usuario, Luis enters 'alejandrorey0811999@gmail.com' into Email de usuario, Luis select November on Mes nacimiento de usuario, Luis select 8 on Dia nacimiento de usuario, Luis select 1999 on AÃ±o nacimiento de usuario, Luis clicks on Boton para ir a seccion de Direccion], Luis llenar pagina direccion [Luis enters 'Villavicencio' into Ciudad, Luis types 'ARROW_DOWN' in Ciudad, Luis types 'ENTER' in Ciudad, Luis enters '12345' into Codigo postal, Luis clicks on Contenedor de paises, Luis enters 'Colombia' then hits ARROW_DOWN and ENTER into Pais, Luis clicks on Boton que lleva a la seccion Dispositivos], Luis llenar pagina dispositivos [Luis clicks on Contenedor de computadores, Luis enters 'Windows' then hits ARROW_DOWN and ENTER into Computador, Luis clicks on Contenedor de version de computador]]
[Test worker] WARN net.thucydides.core.steps.BaseStepListener - stepStarted: net.thucydides.core.steps.ExecutedStepDescription@35a76b53
[Test worker] WARN net.thucydides.core.steps.BaseStepListener - stepFinished: current outcome:Registro de Luis en Utest:Given Luis desea registrarse en la plataforma Utest [Luis abrir pagina utest [Luis opens the Pagina utest, Luis clicks on Boton para iniciar proceso de registro]], When El usuario ingresa toda la informacion requerida por la pagina
| strNombre | strApellido | strEmail | strMesNacimiento | strDiaNacimiento | strAnoNacimiento | strCiudad | strCodigoPostal | strPais | strComputador | strVersionComputador | strLenguajeComputador | strDispositivoMovil | strModeloDispositivoMovil | strSistemaOperativoMovil | strContrasena |
| Luis | Rey | alejandrorey0811999@gmail.com | November | 8 | 1999 | Villavicencio | 12345 | Colombia | Windows | 10 | Spanish | Samsung | Galaxy M12 | Android 11 | LuisRey@1234 | [Luis llenar pagina info personal [Luis enters 'Luis' into Nombre de usuario, Luis enters 'Rey' into Apellido de usuario, Luis enters 'alejandrorey0811999@gmail.com' into Email de usuario, Luis select November on Mes nacimiento de usuario, Luis select 8 on Dia nacimiento de usuario, Luis select 1999 on AÃ±o nacimiento de usuario, Luis clicks on Boton para ir a seccion de Direccion], Luis llenar pagina direccion [Luis enters 'Villavicencio' into Ciudad, Luis types 'ARROW_DOWN' in Ciudad, Luis types 'ENTER' in Ciudad, Luis enters '12345' into Codigo postal, Luis clicks on Contenedor de paises, Luis enters 'Colombia' then hits ARROW_DOWN and ENTER into Pais, Luis clicks on Boton que lleva a la seccion Dispositivos], Luis llenar pagina dispositivos [Luis clicks on Contenedor de computadores, Luis enters 'Windows' then hits ARROW_DOWN and ENTER into Computador, Luis clicks on Contenedor de version de computador, Luis enters '10' then hits ARROW_DOWN and ENTER into Version de computador]]
[Test worker] WARN net.thucydides.core.steps.BaseStepListener - stepStarted: net.thucydides.core.steps.ExecutedStepDescription@2089797e
[Test worker] WARN net.thucydides.core.steps.BaseStepListener - stepFinished: current outcome:Registro de Luis en Utest:Given Luis desea registrarse en la plataforma Utest [Luis abrir pagina utest [Luis opens the Pagina utest, Luis clicks on Boton para iniciar proceso de registro]], When El usuario ingresa toda la informacion requerida por la pagina
| strNombre | strApellido | strEmail | strMesNacimiento | strDiaNacimiento | strAnoNacimiento | strCiudad | strCodigoPostal | strPais | strComputador | strVersionComputador | strLenguajeComputador | strDispositivoMovil | strModeloDispositivoMovil | strSistemaOperativoMovil | strContrasena |
| Luis | Rey | alejandrorey0811999@gmail.com | November | 8 | 1999 | Villavicencio | 12345 | Colombia | Windows | 10 | Spanish | Samsung | Galaxy M12 | Android 11 | LuisRey@1234 | [Luis llenar pagina info personal [Luis enters 'Luis' into Nombre de usuario, Luis enters 'Rey' into Apellido de usuario, Luis enters 'alejandrorey0811999@gmail.com' into Email de usuario, Luis select November on Mes nacimiento de usuario, Luis select 8 on Dia nacimiento de usuario, Luis select 1999 on AÃ±o nacimiento de usuario, Luis clicks on Boton para ir a seccion de Direccion], Luis llenar pagina direccion [Luis enters 'Villavicencio' into Ciudad, Luis types 'ARROW_DOWN' in Ciudad, Luis types 'ENTER' in Ciudad, Luis enters '12345' into Codigo postal, Luis clicks on Contenedor de paises, Luis enters 'Colombia' then hits ARROW_DOWN and ENTER into Pais, Luis clicks on Boton que lleva a la seccion Dispositivos], Luis llenar pagina dispositivos [Luis clicks on Contenedor de computadores, Luis enters 'Windows' then hits ARROW_DOWN and ENTER into Computador, Luis clicks on Contenedor de version de computador, Luis enters '10' then hits ARROW_DOWN and ENTER into Version de computador, Luis clicks on Contenedor de lenguajes]]
[Test worker] WARN net.thucydides.core.steps.BaseStepListener - stepStarted: net.thucydides.core.steps.ExecutedStepDescription@59dbe228
[Test worker] WARN net.thucydides.core.steps.BaseStepListener - stepFinished: current outcome:Registro de Luis en Utest:Given Luis desea registrarse en la plataforma Utest [Luis abrir pagina utest [Luis opens the Pagina utest, Luis clicks on Boton para iniciar proceso de registro]], When El usuario ingresa toda la informacion requerida por la pagina
| strNombre | strApellido | strEmail | strMesNacimiento | strDiaNacimiento | strAnoNacimiento | strCiudad | strCodigoPostal | strPais | strComputador | strVersionComputador | strLenguajeComputador | strDispositivoMovil | strModeloDispositivoMovil | strSistemaOperativoMovil | strContrasena |
| Luis | Rey | alejandrorey0811999@gmail.com | November | 8 | 1999 | Villavicencio | 12345 | Colombia | Windows | 10 | Spanish | Samsung | Galaxy M12 | Android 11 | LuisRey@1234 | [Luis llenar pagina info personal [Luis enters 'Luis' into Nombre de usuario, Luis enters 'Rey' into Apellido de usuario, Luis enters 'alejandrorey0811999@gmail.com' into Email de usuario, Luis select November on Mes nacimiento de usuario, Luis select 8 on Dia nacimiento de usuario, Luis select 1999 on AÃ±o nacimiento de usuario, Luis clicks on Boton para ir a seccion de Direccion], Luis llenar pagina direccion [Luis enters 'Villavicencio' into Ciudad, Luis types 'ARROW_DOWN' in Ciudad, Luis types 'ENTER' in Ciudad, Luis enters '12345' into Codigo postal, Luis clicks on Contenedor de paises, Luis enters 'Colombia' then hits ARROW_DOWN and ENTER into Pais, Luis clicks on Boton que lleva a la seccion Dispositivos], Luis llenar pagina dispositivos [Luis clicks on Contenedor de computadores, Luis enters 'Windows' then hits ARROW_DOWN and ENTER into Computador, Luis clicks on Contenedor de version de computador, Luis enters '10' then hits ARROW_DOWN and ENTER into Version de computador, Luis clicks on Contenedor de lenguajes, Luis enters 'Spanish' then hits ARROW_DOWN and ENTER into Lenguaje]]
[Test worker] WARN net.thucydides.core.steps.BaseStepListener - stepStarted: net.thucydides.core.steps.ExecutedStepDescription@423c7965
[Test worker] WARN net.thucydides.core.steps.BaseStepListener - stepFinished: current outcome:Registro de Luis en Utest:Given Luis desea registrarse en la plataforma Utest [Luis abrir pagina utest [Luis opens the Pagina utest, Luis clicks on Boton para iniciar proceso de registro]], When El usuario ingresa toda la informacion requerida por la pagina
| strNombre | strApellido | strEmail | strMesNacimiento | strDiaNacimiento | strAnoNacimiento | strCiudad | strCodigoPostal | strPais | strComputador | strVersionComputador | strLenguajeComputador | strDispositivoMovil | strModeloDispositivoMovil | strSistemaOperativoMovil | strContrasena |
| Luis | Rey | alejandrorey0811999@gmail.com | November | 8 | 1999 | Villavicencio | 12345 | Colombia | Windows | 10 | Spanish | Samsung | Galaxy M12 | Android 11 | LuisRey@1234 | [Luis llenar pagina info personal [Luis enters 'Luis' into Nombre de usuario, Luis enters 'Rey' into Apellido de usuario, Luis enters 'alejandrorey0811999@gmail.com' into Email de usuario, Luis select November on Mes nacimiento de usuario, Luis select 8 on Dia nacimiento de usuario, Luis select 1999 on AÃ±o nacimiento de usuario, Luis clicks on Boton para ir a seccion de Direccion], Luis llenar pagina direccion [Luis enters 'Villavicencio' into Ciudad, Luis types 'ARROW_DOWN' in Ciudad, Luis types 'ENTER' in Ciudad, Luis enters '12345' into Codigo postal, Luis clicks on Contenedor de paises, Luis enters 'Colombia' then hits ARROW_DOWN and ENTER into Pais, Luis clicks on Boton que lleva a la seccion Dispositivos], Luis llenar pagina dispositivos [Luis clicks on Contenedor de computadores, Luis enters 'Windows' then hits ARROW_DOWN and ENTER into Computador, Luis clicks on Contenedor de version de computador, Luis enters '10' then hits ARROW_DOWN and ENTER into Version de computador, Luis clicks on Contenedor de lenguajes, Luis enters 'Spanish' then hits ARROW_DOWN and ENTER into Lenguaje, Luis clicks on Contenedor de dispositivos moviles]]
[Test worker] WARN net.thucydides.core.steps.BaseStepListener - stepStarted: net.thucydides.core.steps.ExecutedStepDescription@202ab310
[Test worker] WARN net.thucydides.core.steps.BaseStepListener - stepFinished: current outcome:Registro de Luis en Utest:Given Luis desea registrarse en la plataforma Utest [Luis abrir pagina utest [Luis opens the Pagina utest, Luis clicks on Boton para iniciar proceso de registro]], When El usuario ingresa toda la informacion requerida por la pagina
| strNombre | strApellido | strEmail | strMesNacimiento | strDiaNacimiento | strAnoNacimiento | strCiudad | strCodigoPostal | strPais | strComputador | strVersionComputador | strLenguajeComputador | strDispositivoMovil | strModeloDispositivoMovil | strSistemaOperativoMovil | strContrasena |
| Luis | Rey | alejandrorey0811999@gmail.com | November | 8 | 1999 | Villavicencio | 12345 | Colombia | Windows | 10 | Spanish | Samsung | Galaxy M12 | Android 11 | LuisRey@1234 | [Luis llenar pagina info personal [Luis enters 'Luis' into Nombre de usuario, Luis enters 'Rey' into Apellido de usuario, Luis enters 'alejandrorey0811999@gmail.com' into Email de usuario, Luis select November on Mes nacimiento de usuario, Luis select 8 on Dia nacimiento de usuario, Luis select 1999 on AÃ±o nacimiento de usuario, Luis clicks on Boton para ir a seccion de Direccion], Luis llenar pagina direccion [Luis enters 'Villavicencio' into Ciudad, Luis types 'ARROW_DOWN' in Ciudad, Luis types 'ENTER' in Ciudad, Luis enters '12345' into Codigo postal, Luis clicks on Contenedor de paises, Luis enters 'Colombia' then hits ARROW_DOWN and ENTER into Pais, Luis clicks on Boton que lleva a la seccion Dispositivos], Luis llenar pagina dispositivos [Luis clicks on Contenedor de computadores, Luis enters 'Windows' then hits ARROW_DOWN and ENTER into Computador, Luis clicks on Contenedor de version de computador, Luis enters '10' then hits ARROW_DOWN and ENTER into Version de computador, Luis clicks on Contenedor de lenguajes, Luis enters 'Spanish' then hits ARROW_DOWN and ENTER into Lenguaje, Luis clicks on Contenedor de dispositivos moviles, Luis enters 'Samsung' then hits ARROW_DOWN and ENTER into Dispositivo movil]]
[Test worker] WARN net.thucydides.core.steps.BaseStepListener - stepStarted: net.thucydides.core.steps.ExecutedStepDescription@6d7273ae
[Test worker] WARN net.thucydides.core.steps.BaseStepListener - stepFinished: current outcome:Registro de Luis en Utest:Given Luis desea registrarse en la plataforma Utest [Luis abrir pagina utest [Luis opens the Pagina utest, Luis clicks on Boton para iniciar proceso de registro]], When El usuario ingresa toda la informacion requerida por la pagina
| strNombre | strApellido | strEmail | strMesNacimiento | strDiaNacimiento | strAnoNacimiento | strCiudad | strCodigoPostal | strPais | strComputador | strVersionComputador | strLenguajeComputador | strDispositivoMovil | strModeloDispositivoMovil | strSistemaOperativoMovil | strContrasena |
| Luis | Rey | alejandrorey0811999@gmail.com | November | 8 | 1999 | Villavicencio | 12345 | Colombia | Windows | 10 | Spanish | Samsung | Galaxy M12 | Android 11 | LuisRey@1234 | [Luis llenar pagina info personal [Luis enters 'Luis' into Nombre de usuario, Luis enters 'Rey' into Apellido de usuario, Luis enters 'alejandrorey0811999@gmail.com' into Email de usuario, Luis select November on Mes nacimiento de usuario, Luis select 8 on Dia nacimiento de usuario, Luis select 1999 on AÃ±o nacimiento de usuario, Luis clicks on Boton para ir a seccion de Direccion], Luis llenar pagina direccion [Luis enters 'Villavicencio' into Ciudad, Luis types 'ARROW_DOWN' in Ciudad, Luis types 'ENTER' in Ciudad, Luis enters '12345' into Codigo postal, Luis clicks on Contenedor de paises, Luis enters 'Colombia' then hits ARROW_DOWN and ENTER into Pais, Luis clicks on Boton que lleva a la seccion Dispositivos], Luis llenar pagina dispositivos [Luis clicks on Contenedor de computadores, Luis enters 'Windows' then hits ARROW_DOWN and ENTER into Computador, Luis clicks on Contenedor de version de computador, Luis enters '10' then hits ARROW_DOWN and ENTER into Version de computador, Luis clicks on Contenedor de lenguajes, Luis enters 'Spanish' then hits ARROW_DOWN and ENTER into Lenguaje, Luis clicks on Contenedor de dispositivos moviles, Luis enters 'Samsung' then hits ARROW_DOWN and ENTER into Dispositivo movil, Luis clicks on Contenedor de modelos de dispositivo movil]]
[Test worker] WARN net.thucydides.core.steps.BaseStepListener - stepStarted: net.thucydides.core.steps.ExecutedStepDescription@3bf28b7e
[Test worker] WARN net.thucydides.core.steps.BaseStepListener - stepFinished: current outcome:Registro de Luis en Utest:Given Luis desea registrarse en la plataforma Utest [Luis abrir pagina utest [Luis opens the Pagina utest, Luis clicks on Boton para iniciar proceso de registro]], When El usuario ingresa toda la informacion requerida por la pagina
| strNombre | strApellido | strEmail | strMesNacimiento | strDiaNacimiento | strAnoNacimiento | strCiudad | strCodigoPostal | strPais | strComputador | strVersionComputador | strLenguajeComputador | strDispositivoMovil | strModeloDispositivoMovil | strSistemaOperativoMovil | strContrasena |
| Luis | Rey | alejandrorey0811999@gmail.com | November | 8 | 1999 | Villavicencio | 12345 | Colombia | Windows | 10 | Spanish | Samsung | Galaxy M12 | Android 11 | LuisRey@1234 | [Luis llenar pagina info personal [Luis enters 'Luis' into Nombre de usuario, Luis enters 'Rey' into Apellido de usuario, Luis enters 'alejandrorey0811999@gmail.com' into Email de usuario, Luis select November on Mes nacimiento de usuario, Luis select 8 on Dia nacimiento de usuario, Luis select 1999 on AÃ±o nacimiento de usuario, Luis clicks on Boton para ir a seccion de Direccion], Luis llenar pagina direccion [Luis enters 'Villavicencio' into Ciudad, Luis types 'ARROW_DOWN' in Ciudad, Luis types 'ENTER' in Ciudad, Luis enters '12345' into Codigo postal, Luis clicks on Contenedor de paises, Luis enters 'Colombia' then hits ARROW_DOWN and ENTER into Pais, Luis clicks on Boton que lleva a la seccion Dispositivos], Luis llenar pagina dispositivos [Luis clicks on Contenedor de computadores, Luis enters 'Windows' then hits ARROW_DOWN and ENTER into Computador, Luis clicks on Contenedor de version de computador, Luis enters '10' then hits ARROW_DOWN and ENTER into Version de computador, Luis clicks on Contenedor de lenguajes, Luis enters 'Spanish' then hits ARROW_DOWN and ENTER into Lenguaje, Luis clicks on Contenedor de dispositivos moviles, Luis enters 'Samsung' then hits ARROW_DOWN and ENTER into Dispositivo movil, Luis clicks on Contenedor de modelos de dispositivo movil, Luis enters 'Galaxy M12' then hits ARROW_DOWN and ENTER into Modelo de dispositivo movil]]
[Test worker] WARN net.thucydides.core.steps.BaseStepListener - stepStarted: net.thucydides.core.steps.ExecutedStepDescription@1381995e
[Test worker] WARN net.thucydides.core.steps.BaseStepListener - stepFinished: current outcome:Registro de Luis en Utest:Given Luis desea registrarse en la plataforma Utest [Luis abrir pagina utest [Luis opens the Pagina utest, Luis clicks on Boton para iniciar proceso de registro]], When El usuario ingresa toda la informacion requerida por la pagina
| strNombre | strApellido | strEmail | strMesNacimiento | strDiaNacimiento | strAnoNacimiento | strCiudad | strCodigoPostal | strPais | strComputador | strVersionComputador | strLenguajeComputador | strDispositivoMovil | strModeloDispositivoMovil | strSistemaOperativoMovil | strContrasena |
| Luis | Rey | alejandrorey0811999@gmail.com | November | 8 | 1999 | Villavicencio | 12345 | Colombia | Windows | 10 | Spanish | Samsung | Galaxy M12 | Android 11 | LuisRey@1234 | [Luis llenar pagina info personal [Luis enters 'Luis' into Nombre de usuario, Luis enters 'Rey' into Apellido de usuario, Luis enters 'alejandrorey0811999@gmail.com' into Email de usuario, Luis select November on Mes nacimiento de usuario, Luis select 8 on Dia nacimiento de usuario, Luis select 1999 on AÃ±o nacimiento de usuario, Luis clicks on Boton para ir a seccion de Direccion], Luis llenar pagina direccion [Luis enters 'Villavicencio' into Ciudad, Luis types 'ARROW_DOWN' in Ciudad, Luis types 'ENTER' in Ciudad, Luis enters '12345' into Codigo postal, Luis clicks on Contenedor de paises, Luis enters 'Colombia' then hits ARROW_DOWN and ENTER into Pais, Luis clicks on Boton que lleva a la seccion Dispositivos], Luis llenar pagina dispositivos [Luis clicks on Contenedor de computadores, Luis enters 'Windows' then hits ARROW_DOWN and ENTER into Computador, Luis clicks on Contenedor de version de computador, Luis enters '10' then hits ARROW_DOWN and ENTER into Version de computador, Luis clicks on Contenedor de lenguajes, Luis enters 'Spanish' then hits ARROW_DOWN and ENTER into Lenguaje, Luis clicks on Contenedor de dispositivos moviles, Luis enters 'Samsung' then hits ARROW_DOWN and ENTER into Dispositivo movil, Luis clicks on Contenedor de modelos de dispositivo movil, Luis enters 'Galaxy M12' then hits ARROW_DOWN and ENTER into Modelo de dispositivo movil, Luis clicks on Contenedor de sistemas operativos del movil]]
[Test worker] WARN net.thucydides.core.steps.BaseStepListener - stepStarted: net.thucydides.core.steps.ExecutedStepDescription@a91f50f
[Test worker] WARN net.thucydides.core.steps.BaseStepListener - stepFinished: current outcome:Registro de Luis en Utest:Given Luis desea registrarse en la plataforma Utest [Luis abrir pagina utest [Luis opens the Pagina utest, Luis clicks on Boton para iniciar proceso de registro]], When El usuario ingresa toda la informacion requerida por la pagina
| strNombre | strApellido | strEmail | strMesNacimiento | strDiaNacimiento | strAnoNacimiento | strCiudad | strCodigoPostal | strPais | strComputador | strVersionComputador | strLenguajeComputador | strDispositivoMovil | strModeloDispositivoMovil | strSistemaOperativoMovil | strContrasena |
| Luis | Rey | alejandrorey0811999@gmail.com | November | 8 | 1999 | Villavicencio | 12345 | Colombia | Windows | 10 | Spanish | Samsung | Galaxy M12 | Android 11 | LuisRey@1234 | [Luis llenar pagina info personal [Luis enters 'Luis' into Nombre de usuario, Luis enters 'Rey' into Apellido de usuario, Luis enters 'alejandrorey0811999@gmail.com' into Email de usuario, Luis select November on Mes nacimiento de usuario, Luis select 8 on Dia nacimiento de usuario, Luis select 1999 on AÃ±o nacimiento de usuario, Luis clicks on Boton para ir a seccion de Direccion], Luis llenar pagina direccion [Luis enters 'Villavicencio' into Ciudad, Luis types 'ARROW_DOWN' in Ciudad, Luis types 'ENTER' in Ciudad, Luis enters '12345' into Codigo postal, Luis clicks on Contenedor de paises, Luis enters 'Colombia' then hits ARROW_DOWN and ENTER into Pais, Luis clicks on Boton que lleva a la seccion Dispositivos], Luis llenar pagina dispositivos [Luis clicks on Contenedor de computadores, Luis enters 'Windows' then hits ARROW_DOWN and ENTER into Computador, Luis clicks on Contenedor de version de computador, Luis enters '10' then hits ARROW_DOWN and ENTER into Version de computador, Luis clicks on Contenedor de lenguajes, Luis enters 'Spanish' then hits ARROW_DOWN and ENTER into Lenguaje, Luis clicks on Contenedor de dispositivos moviles, Luis enters 'Samsung' then hits ARROW_DOWN and ENTER into Dispositivo movil, Luis clicks on Contenedor de modelos de dispositivo movil, Luis enters 'Galaxy M12' then hits ARROW_DOWN and ENTER into Modelo de dispositivo movil, Luis clicks on Contenedor de sistemas operativos del movil, Luis enters 'Android 11' then hits ARROW_DOWN and ENTER into Sistema operativo del movil]]
[Test worker] WARN net.thucydides.core.steps.BaseStepListener - stepStarted: net.thucydides.core.steps.ExecutedStepDescription@41f49d39
[Test worker] WARN net.thucydides.core.steps.BaseStepListener - stepFinished: current outcome:Registro de Luis en Utest:Given Luis desea registrarse en la plataforma Utest [Luis abrir pagina utest [Luis opens the Pagina utest, Luis clicks on Boton para iniciar proceso de registro]], When El usuario ingresa toda la informacion requerida por la pagina
| strNombre | strApellido | strEmail | strMesNacimiento | strDiaNacimiento | strAnoNacimiento | strCiudad | strCodigoPostal | strPais | strComputador | strVersionComputador | strLenguajeComputador | strDispositivoMovil | strModeloDispositivoMovil | strSistemaOperativoMovil | strContrasena |
| Luis | Rey | alejandrorey0811999@gmail.com | November | 8 | 1999 | Villavicencio | 12345 | Colombia | Windows | 10 | Spanish | Samsung | Galaxy M12 | Android 11 | LuisRey@1234 | [Luis llenar pagina info personal [Luis enters 'Luis' into Nombre de usuario, Luis enters 'Rey' into Apellido de usuario, Luis enters 'alejandrorey0811999@gmail.com' into Email de usuario, Luis select November on Mes nacimiento de usuario, Luis select 8 on Dia nacimiento de usuario, Luis select 1999 on AÃ±o nacimiento de usuario, Luis clicks on Boton para ir a seccion de Direccion], Luis llenar pagina direccion [Luis enters 'Villavicencio' into Ciudad, Luis types 'ARROW_DOWN' in Ciudad, Luis types 'ENTER' in Ciudad, Luis enters '12345' into Codigo postal, Luis clicks on Contenedor de paises, Luis enters 'Colombia' then hits ARROW_DOWN and ENTER into Pais, Luis clicks on Boton que lleva a la seccion Dispositivos], Luis llenar pagina dispositivos [Luis clicks on Contenedor de computadores, Luis enters 'Windows' then hits ARROW_DOWN and ENTER into Computador, Luis clicks on Contenedor de version de computador, Luis enters '10' then hits ARROW_DOWN and ENTER into Version de computador, Luis clicks on Contenedor de lenguajes, Luis enters 'Spanish' then hits ARROW_DOWN and ENTER into Lenguaje, Luis clicks on Contenedor de dispositivos moviles, Luis enters 'Samsung' then hits ARROW_DOWN and ENTER into Dispositivo movil, Luis clicks on Contenedor de modelos de dispositivo movil, Luis enters 'Galaxy M12' then hits ARROW_DOWN and ENTER into Modelo de dispositivo movil, Luis clicks on Contenedor de sistemas operativos del movil, Luis enters 'Android 11' then hits ARROW_DOWN and ENTER into Sistema operativo del movil, Luis clicks on Boton para ir a seccion de Paso final]]
[Test worker] WARN net.thucydides.core.steps.BaseStepListener - stepFinished: current outcome:Registro de Luis en Utest:Given Luis desea registrarse en la plataforma Utest [Luis abrir pagina utest [Luis opens the Pagina utest, Luis clicks on Boton para iniciar proceso de registro]], When El usuario ingresa toda la informacion requerida por la pagina
| strNombre | strApellido | strEmail | strMesNacimiento | strDiaNacimiento | strAnoNacimiento | strCiudad | strCodigoPostal | strPais | strComputador | strVersionComputador | strLenguajeComputador | strDispositivoMovil | strModeloDispositivoMovil | strSistemaOperativoMovil | strContrasena |
| Luis | Rey | alejandrorey0811999@gmail.com | November | 8 | 1999 | Villavicencio | 12345 | Colombia | Windows | 10 | Spanish | Samsung | Galaxy M12 | Android 11 | LuisRey@1234 | [Luis llenar pagina info personal [Luis enters 'Luis' into Nombre de usuario, Luis enters 'Rey' into Apellido de usuario, Luis enters 'alejandrorey0811999@gmail.com' into Email de usuario, Luis select November on Mes nacimiento de usuario, Luis select 8 on Dia nacimiento de usuario, Luis select 1999 on AÃ±o nacimiento de usuario, Luis clicks on Boton para ir a seccion de Direccion], Luis llenar pagina direccion [Luis enters 'Villavicencio' into Ciudad, Luis types 'ARROW_DOWN' in Ciudad, Luis types 'ENTER' in Ciudad, Luis enters '12345' into Codigo postal, Luis clicks on Contenedor de paises, Luis enters 'Colombia' then hits ARROW_DOWN and ENTER into Pais, Luis clicks on Boton que lleva a la seccion Dispositivos], Luis llenar pagina dispositivos [Luis clicks on Contenedor de computadores, Luis enters 'Windows' then hits ARROW_DOWN and ENTER into Computador, Luis clicks on Contenedor de version de computador, Luis enters '10' then hits ARROW_DOWN and ENTER into Version de computador, Luis clicks on Contenedor de lenguajes, Luis enters 'Spanish' then hits ARROW_DOWN and ENTER into Lenguaje, Luis clicks on Contenedor de dispositivos moviles, Luis enters 'Samsung' then hits ARROW_DOWN and ENTER into Dispositivo movil, Luis clicks on Contenedor de modelos de dispositivo movil, Luis enters 'Galaxy M12' then hits ARROW_DOWN and ENTER into Modelo de dispositivo movil, Luis clicks on Contenedor de sistemas operativos del movil, Luis enters 'Android 11' then hits ARROW_DOWN and ENTER into Sistema operativo del movil, Luis clicks on Boton para ir a seccion de Paso final]]
[Test worker] WARN net.thucydides.core.steps.BaseStepListener - stepStarted: net.thucydides.core.steps.ExecutedStepDescription@6d54be01
[Test worker] WARN net.thucydides.core.steps.BaseStepListener - stepStarted: net.thucydides.core.steps.ExecutedStepDescription@6625778e
[Test worker] WARN net.thucydides.core.steps.BaseStepListener - stepFinished: current outcome:Registro de Luis en Utest:Given Luis desea registrarse en la plataforma Utest [Luis abrir pagina utest [Luis opens the Pagina utest, Luis clicks on Boton para iniciar proceso de registro]], When El usuario ingresa toda la informacion requerida por la pagina
| strNombre | strApellido | strEmail | strMesNacimiento | strDiaNacimiento | strAnoNacimiento | strCiudad | strCodigoPostal | strPais | strComputador | strVersionComputador | strLenguajeComputador | strDispositivoMovil | strModeloDispositivoMovil | strSistemaOperativoMovil | strContrasena |
| Luis | Rey | alejandrorey0811999@gmail.com | November | 8 | 1999 | Villavicencio | 12345 | Colombia | Windows | 10 | Spanish | Samsung | Galaxy M12 | Android 11 | LuisRey@1234 | [Luis llenar pagina info personal [Luis enters 'Luis' into Nombre de usuario, Luis enters 'Rey' into Apellido de usuario, Luis enters 'alejandrorey0811999@gmail.com' into Email de usuario, Luis select November on Mes nacimiento de usuario, Luis select 8 on Dia nacimiento de usuario, Luis select 1999 on AÃ±o nacimiento de usuario, Luis clicks on Boton para ir a seccion de Direccion], Luis llenar pagina direccion [Luis enters 'Villavicencio' into Ciudad, Luis types 'ARROW_DOWN' in Ciudad, Luis types 'ENTER' in Ciudad, Luis enters '12345' into Codigo postal, Luis clicks on Contenedor de paises, Luis enters 'Colombia' then hits ARROW_DOWN and ENTER into Pais, Luis clicks on Boton que lleva a la seccion Dispositivos], Luis llenar pagina dispositivos [Luis clicks on Contenedor de computadores, Luis enters 'Windows' then hits ARROW_DOWN and ENTER into Computador, Luis clicks on Contenedor de version de computador, Luis enters '10' then hits ARROW_DOWN and ENTER into Version de computador, Luis clicks on Contenedor de lenguajes, Luis enters 'Spanish' then hits ARROW_DOWN and ENTER into Lenguaje, Luis clicks on Contenedor de dispositivos moviles, Luis enters 'Samsung' then hits ARROW_DOWN and ENTER into Dispositivo movil, Luis clicks on Contenedor de modelos de dispositivo movil, Luis enters 'Galaxy M12' then hits ARROW_DOWN and ENTER into Modelo de dispositivo movil, Luis clicks on Contenedor de sistemas operativos del movil, Luis enters 'Android 11' then hits ARROW_DOWN and ENTER into Sistema operativo del movil, Luis clicks on Boton para ir a seccion de Paso final], Luis llenar pagina final [Luis enters 'LuisRey@1234' into ContraseÃ±a de usuario]]
[Test worker] WARN net.thucydides.core.steps.BaseStepListener - stepStarted: net.thucydides.core.steps.ExecutedStepDescription@5be5d8ff
[Test worker] WARN net.thucydides.core.steps.BaseStepListener - stepFinished: current outcome:Registro de Luis en Utest:Given Luis desea registrarse en la plataforma Utest [Luis abrir pagina utest [Luis opens the Pagina utest, Luis clicks on Boton para iniciar proceso de registro]], When El usuario ingresa toda la informacion requerida por la pagina
| strNombre | strApellido | strEmail | strMesNacimiento | strDiaNacimiento | strAnoNacimiento | strCiudad | strCodigoPostal | strPais | strComputador | strVersionComputador | strLenguajeComputador | strDispositivoMovil | strModeloDispositivoMovil | strSistemaOperativoMovil | strContrasena |
| Luis | Rey | alejandrorey0811999@gmail.com | November | 8 | 1999 | Villavicencio | 12345 | Colombia | Windows | 10 | Spanish | Samsung | Galaxy M12 | Android 11 | LuisRey@1234 | [Luis llenar pagina info personal [Luis enters 'Luis' into Nombre de usuario, Luis enters 'Rey' into Apellido de usuario, Luis enters 'alejandrorey0811999@gmail.com' into Email de usuario, Luis select November on Mes nacimiento de usuario, Luis select 8 on Dia nacimiento de usuario, Luis select 1999 on AÃ±o nacimiento de usuario, Luis clicks on Boton para ir a seccion de Direccion], Luis llenar pagina direccion [Luis enters 'Villavicencio' into Ciudad, Luis types 'ARROW_DOWN' in Ciudad, Luis types 'ENTER' in Ciudad, Luis enters '12345' into Codigo postal, Luis clicks on Contenedor de paises, Luis enters 'Colombia' then hits ARROW_DOWN and ENTER into Pais, Luis clicks on Boton que lleva a la seccion Dispositivos], Luis llenar pagina dispositivos [Luis clicks on Contenedor de computadores, Luis enters 'Windows' then hits ARROW_DOWN and ENTER into Computador, Luis clicks on Contenedor de version de computador, Luis enters '10' then hits ARROW_DOWN and ENTER into Version de computador, Luis clicks on Contenedor de lenguajes, Luis enters 'Spanish' then hits ARROW_DOWN and ENTER into Lenguaje, Luis clicks on Contenedor de dispositivos moviles, Luis enters 'Samsung' then hits ARROW_DOWN and ENTER into Dispositivo movil, Luis clicks on Contenedor de modelos de dispositivo movil, Luis enters 'Galaxy M12' then hits ARROW_DOWN and ENTER into Modelo de dispositivo movil, Luis clicks on Contenedor de sistemas operativos del movil, Luis enters 'Android 11' then hits ARROW_DOWN and ENTER into Sistema operativo del movil, Luis clicks on Boton para ir a seccion de Paso final], Luis llenar pagina final [Luis enters 'LuisRey@1234' into ContraseÃ±a de usuario, Luis enters 'LuisRey@1234' into Confirmar la contraseÃ±a de usuario]]
[Test worker] WARN net.thucydides.core.steps.BaseStepListener - stepStarted: net.thucydides.core.steps.ExecutedStepDescription@6cff56d7
[Test worker] WARN net.thucydides.core.steps.BaseStepListener - stepFinished: current outcome:Registro de Luis en Utest:Given Luis desea registrarse en la plataforma Utest [Luis abrir pagina utest [Luis opens the Pagina utest, Luis clicks on Boton para iniciar proceso de registro]], When El usuario ingresa toda la informacion requerida por la pagina
| strNombre | strApellido | strEmail | strMesNacimiento | strDiaNacimiento | strAnoNacimiento | strCiudad | strCodigoPostal | strPais | strComputador | strVersionComputador | strLenguajeComputador | strDispositivoMovil | strModeloDispositivoMovil | strSistemaOperativoMovil | strContrasena |
| Luis | Rey | alejandrorey0811999@gmail.com | November | 8 | 1999 | Villavicencio | 12345 | Colombia | Windows | 10 | Spanish | Samsung | Galaxy M12 | Android 11 | LuisRey@1234 | [Luis llenar pagina info personal [Luis enters 'Luis' into Nombre de usuario, Luis enters 'Rey' into Apellido de usuario, Luis enters 'alejandrorey0811999@gmail.com' into Email de usuario, Luis select November on Mes nacimiento de usuario, Luis select 8 on Dia nacimiento de usuario, Luis select 1999 on AÃ±o nacimiento de usuario, Luis clicks on Boton para ir a seccion de Direccion], Luis llenar pagina direccion [Luis enters 'Villavicencio' into Ciudad, Luis types 'ARROW_DOWN' in Ciudad, Luis types 'ENTER' in Ciudad, Luis enters '12345' into Codigo postal, Luis clicks on Contenedor de paises, Luis enters 'Colombia' then hits ARROW_DOWN and ENTER into Pais, Luis clicks on Boton que lleva a la seccion Dispositivos], Luis llenar pagina dispositivos [Luis clicks on Contenedor de computadores, Luis enters 'Windows' then hits ARROW_DOWN and ENTER into Computador, Luis clicks on Contenedor de version de computador, Luis enters '10' then hits ARROW_DOWN and ENTER into Version de computador, Luis clicks on Contenedor de lenguajes, Luis enters 'Spanish' then hits ARROW_DOWN and ENTER into Lenguaje, Luis clicks on Contenedor de dispositivos moviles, Luis enters 'Samsung' then hits ARROW_DOWN and ENTER into Dispositivo movil, Luis clicks on Contenedor de modelos de dispositivo movil, Luis enters 'Galaxy M12' then hits ARROW_DOWN and ENTER into Modelo de dispositivo movil, Luis clicks on Contenedor de sistemas operativos del movil, Luis enters 'Android 11' then hits ARROW_DOWN and ENTER into Sistema operativo del movil, Luis clicks on Boton para ir a seccion de Paso final], Luis llenar pagina final [Luis enters 'LuisRey@1234' into ContraseÃ±a de usuario, Luis enters 'LuisRey@1234' into Confirmar la contraseÃ±a de usuario, Luis clicks on Checkbox 01]]
[Test worker] WARN net.thucydides.core.steps.BaseStepListener - stepStarted: net.thucydides.core.steps.ExecutedStepDescription@77ddc670
[Test worker] WARN net.thucydides.core.steps.BaseStepListener - stepFinished: current outcome:Registro de Luis en Utest:Given Luis desea registrarse en la plataforma Utest [Luis abrir pagina utest [Luis opens the Pagina utest, Luis clicks on Boton para iniciar proceso de registro]], When El usuario ingresa toda la informacion requerida por la pagina
| strNombre | strApellido | strEmail | strMesNacimiento | strDiaNacimiento | strAnoNacimiento | strCiudad | strCodigoPostal | strPais | strComputador | strVersionComputador | strLenguajeComputador | strDispositivoMovil | strModeloDispositivoMovil | strSistemaOperativoMovil | strContrasena |
| Luis | Rey | alejandrorey0811999@gmail.com | November | 8 | 1999 | Villavicencio | 12345 | Colombia | Windows | 10 | Spanish | Samsung | Galaxy M12 | Android 11 | LuisRey@1234 | [Luis llenar pagina info personal [Luis enters 'Luis' into Nombre de usuario, Luis enters 'Rey' into Apellido de usuario, Luis enters 'alejandrorey0811999@gmail.com' into Email de usuario, Luis select November on Mes nacimiento de usuario, Luis select 8 on Dia nacimiento de usuario, Luis select 1999 on AÃ±o nacimiento de usuario, Luis clicks on Boton para ir a seccion de Direccion], Luis llenar pagina direccion [Luis enters 'Villavicencio' into Ciudad, Luis types 'ARROW_DOWN' in Ciudad, Luis types 'ENTER' in Ciudad, Luis enters '12345' into Codigo postal, Luis clicks on Contenedor de paises, Luis enters 'Colombia' then hits ARROW_DOWN and ENTER into Pais, Luis clicks on Boton que lleva a la seccion Dispositivos], Luis llenar pagina dispositivos [Luis clicks on Contenedor de computadores, Luis enters 'Windows' then hits ARROW_DOWN and ENTER into Computador, Luis clicks on Contenedor de version de computador, Luis enters '10' then hits ARROW_DOWN and ENTER into Version de computador, Luis clicks on Contenedor de lenguajes, Luis enters 'Spanish' then hits ARROW_DOWN and ENTER into Lenguaje, Luis clicks on Contenedor de dispositivos moviles, Luis enters 'Samsung' then hits ARROW_DOWN and ENTER into Dispositivo movil, Luis clicks on Contenedor de modelos de dispositivo movil, Luis enters 'Galaxy M12' then hits ARROW_DOWN and ENTER into Modelo de dispositivo movil, Luis clicks on Contenedor de sistemas operativos del movil, Luis enters 'Android 11' then hits ARROW_DOWN and ENTER into Sistema operativo del movil, Luis clicks on Boton para ir a seccion de Paso final], Luis llenar pagina final [Luis enters 'LuisRey@1234' into ContraseÃ±a de usuario, Luis enters 'LuisRey@1234' into Confirmar la contraseÃ±a de usuario, Luis clicks on Checkbox 01, Luis clicks on Checkbox 02]]
[Test worker] WARN net.thucydides.core.steps.BaseStepListener - stepStarted: net.thucydides.core.steps.ExecutedStepDescription@19c3df76
[Test worker] WARN net.thucydides.core.steps.BaseStepListener - stepFinished: current outcome:Registro de Luis en Utest:Given Luis desea registrarse en la plataforma Utest [Luis abrir pagina utest [Luis opens the Pagina utest, Luis clicks on Boton para iniciar proceso de registro]], When El usuario ingresa toda la informacion requerida por la pagina
| strNombre | strApellido | strEmail | strMesNacimiento | strDiaNacimiento | strAnoNacimiento | strCiudad | strCodigoPostal | strPais | strComputador | strVersionComputador | strLenguajeComputador | strDispositivoMovil | strModeloDispositivoMovil | strSistemaOperativoMovil | strContrasena |
| Luis | Rey | alejandrorey0811999@gmail.com | November | 8 | 1999 | Villavicencio | 12345 | Colombia | Windows | 10 | Spanish | Samsung | Galaxy M12 | Android 11 | LuisRey@1234 | [Luis llenar pagina info personal [Luis enters 'Luis' into Nombre de usuario, Luis enters 'Rey' into Apellido de usuario, Luis enters 'alejandrorey0811999@gmail.com' into Email de usuario, Luis select November on Mes nacimiento de usuario, Luis select 8 on Dia nacimiento de usuario, Luis select 1999 on AÃ±o nacimiento de usuario, Luis clicks on Boton para ir a seccion de Direccion], Luis llenar pagina direccion [Luis enters 'Villavicencio' into Ciudad, Luis types 'ARROW_DOWN' in Ciudad, Luis types 'ENTER' in Ciudad, Luis enters '12345' into Codigo postal, Luis clicks on Contenedor de paises, Luis enters 'Colombia' then hits ARROW_DOWN and ENTER into Pais, Luis clicks on Boton que lleva a la seccion Dispositivos], Luis llenar pagina dispositivos [Luis clicks on Contenedor de computadores, Luis enters 'Windows' then hits ARROW_DOWN and ENTER into Computador, Luis clicks on Contenedor de version de computador, Luis enters '10' then hits ARROW_DOWN and ENTER into Version de computador, Luis clicks on Contenedor de lenguajes, Luis enters 'Spanish' then hits ARROW_DOWN and ENTER into Lenguaje, Luis clicks on Contenedor de dispositivos moviles, Luis enters 'Samsung' then hits ARROW_DOWN and ENTER into Dispositivo movil, Luis clicks on Contenedor de modelos de dispositivo movil, Luis enters 'Galaxy M12' then hits ARROW_DOWN and ENTER into Modelo de dispositivo movil, Luis clicks on Contenedor de sistemas operativos del movil, Luis enters 'Android 11' then hits ARROW_DOWN and ENTER into Sistema operativo del movil, Luis clicks on Boton para ir a seccion de Paso final], Luis llenar pagina final [Luis enters 'LuisRey@1234' into ContraseÃ±a de usuario, Luis enters 'LuisRey@1234' into Confirmar la contraseÃ±a de usuario, Luis clicks on Checkbox 01, Luis clicks on Checkbox 02, Luis clicks on Checkbox 03]]
[Test worker] WARN net.thucydides.core.steps.BaseStepListener - stepStarted: net.thucydides.core.steps.ExecutedStepDescription@568073db
[Test worker] WARN net.thucydides.core.steps.BaseStepListener - stepFinished: current outcome:Registro de Luis en Utest:Given Luis desea registrarse en la plataforma Utest [Luis abrir pagina utest [Luis opens the Pagina utest, Luis clicks on Boton para iniciar proceso de registro]], When El usuario ingresa toda la informacion requerida por la pagina
| strNombre | strApellido | strEmail | strMesNacimiento | strDiaNacimiento | strAnoNacimiento | strCiudad | strCodigoPostal | strPais | strComputador | strVersionComputador | strLenguajeComputador | strDispositivoMovil | strModeloDispositivoMovil | strSistemaOperativoMovil | strContrasena |
| Luis | Rey | alejandrorey0811999@gmail.com | November | 8 | 1999 | Villavicencio | 12345 | Colombia | Windows | 10 | Spanish | Samsung | Galaxy M12 | Android 11 | LuisRey@1234 | [Luis llenar pagina info personal [Luis enters 'Luis' into Nombre de usuario, Luis enters 'Rey' into Apellido de usuario, Luis enters 'alejandrorey0811999@gmail.com' into Email de usuario, Luis select November on Mes nacimiento de usuario, Luis select 8 on Dia nacimiento de usuario, Luis select 1999 on AÃ±o nacimiento de usuario, Luis clicks on Boton para ir a seccion de Direccion], Luis llenar pagina direccion [Luis enters 'Villavicencio' into Ciudad, Luis types 'ARROW_DOWN' in Ciudad, Luis types 'ENTER' in Ciudad, Luis enters '12345' into Codigo postal, Luis clicks on Contenedor de paises, Luis enters 'Colombia' then hits ARROW_DOWN and ENTER into Pais, Luis clicks on Boton que lleva a la seccion Dispositivos], Luis llenar pagina dispositivos [Luis clicks on Contenedor de computadores, Luis enters 'Windows' then hits ARROW_DOWN and ENTER into Computador, Luis clicks on Contenedor de version de computador, Luis enters '10' then hits ARROW_DOWN and ENTER into Version de computador, Luis clicks on Contenedor de lenguajes, Luis enters 'Spanish' then hits ARROW_DOWN and ENTER into Lenguaje, Luis clicks on Contenedor de dispositivos moviles, Luis enters 'Samsung' then hits ARROW_DOWN and ENTER into Dispositivo movil, Luis clicks on Contenedor de modelos de dispositivo movil, Luis enters 'Galaxy M12' then hits ARROW_DOWN and ENTER into Modelo de dispositivo movil, Luis clicks on Contenedor de sistemas operativos del movil, Luis enters 'Android 11' then hits ARROW_DOWN and ENTER into Sistema operativo del movil, Luis clicks on Boton para ir a seccion de Paso final], Luis llenar pagina final [Luis enters 'LuisRey@1234' into ContraseÃ±a de usuario, Luis enters 'LuisRey@1234' into Confirmar la contraseÃ±a de usuario, Luis clicks on Checkbox 01, Luis clicks on Checkbox 02, Luis clicks on Checkbox 03, Luis clicks on Boton para finalizar el resgistro]]
[Test worker] WARN net.thucydides.core.steps.BaseStepListener - stepFinished: current outcome:Registro de Luis en Utest:Given Luis desea registrarse en la plataforma Utest [Luis abrir pagina utest [Luis opens the Pagina utest, Luis clicks on Boton para iniciar proceso de registro]], When El usuario ingresa toda la informacion requerida por la pagina
| strNombre | strApellido | strEmail | strMesNacimiento | strDiaNacimiento | strAnoNacimiento | strCiudad | strCodigoPostal | strPais | strComputador | strVersionComputador | strLenguajeComputador | strDispositivoMovil | strModeloDispositivoMovil | strSistemaOperativoMovil | strContrasena |
| Luis | Rey | alejandrorey0811999@gmail.com | November | 8 | 1999 | Villavicencio | 12345 | Colombia | Windows | 10 | Spanish | Samsung | Galaxy M12 | Android 11 | LuisRey@1234 | [Luis llenar pagina info personal [Luis enters 'Luis' into Nombre de usuario, Luis enters 'Rey' into Apellido de usuario, Luis enters 'alejandrorey0811999@gmail.com' into Email de usuario, Luis select November on Mes nacimiento de usuario, Luis select 8 on Dia nacimiento de usuario, Luis select 1999 on AÃ±o nacimiento de usuario, Luis clicks on Boton para ir a seccion de Direccion], Luis llenar pagina direccion [Luis enters 'Villavicencio' into Ciudad, Luis types 'ARROW_DOWN' in Ciudad, Luis types 'ENTER' in Ciudad, Luis enters '12345' into Codigo postal, Luis clicks on Contenedor de paises, Luis enters 'Colombia' then hits ARROW_DOWN and ENTER into Pais, Luis clicks on Boton que lleva a la seccion Dispositivos], Luis llenar pagina dispositivos [Luis clicks on Contenedor de computadores, Luis enters 'Windows' then hits ARROW_DOWN and ENTER into Computador, Luis clicks on Contenedor de version de computador, Luis enters '10' then hits ARROW_DOWN and ENTER into Version de computador, Luis clicks on Contenedor de lenguajes, Luis enters 'Spanish' then hits ARROW_DOWN and ENTER into Lenguaje, Luis clicks on Contenedor de dispositivos moviles, Luis enters 'Samsung' then hits ARROW_DOWN and ENTER into Dispositivo movil, Luis clicks on Contenedor de modelos de dispositivo movil, Luis enters 'Galaxy M12' then hits ARROW_DOWN and ENTER into Modelo de dispositivo movil, Luis clicks on Contenedor de sistemas operativos del movil, Luis enters 'Android 11' then hits ARROW_DOWN and ENTER into Sistema operativo del movil, Luis clicks on Boton para ir a seccion de Paso final], Luis llenar pagina final [Luis enters 'LuisRey@1234' into ContraseÃ±a de usuario, Luis enters 'LuisRey@1234' into Confirmar la contraseÃ±a de usuario, Luis clicks on Checkbox 01, Luis clicks on Checkbox 02, Luis clicks on Checkbox 03, Luis clicks on Boton para finalizar el resgistro]]
[Test worker] WARN net.thucydides.core.steps.BaseStepListener - stepFinished: current outcome:Registro de Luis en Utest:Given Luis desea registrarse en la plataforma Utest [Luis abrir pagina utest [Luis opens the Pagina utest, Luis clicks on Boton para iniciar proceso de registro]], When El usuario ingresa toda la informacion requerida por la pagina
| strNombre | strApellido | strEmail | strMesNacimiento | strDiaNacimiento | strAnoNacimiento | strCiudad | strCodigoPostal | strPais | strComputador | strVersionComputador | strLenguajeComputador | strDispositivoMovil | strModeloDispositivoMovil | strSistemaOperativoMovil | strContrasena |
| Luis | Rey | alejandrorey0811999@gmail.com | November | 8 | 1999 | Villavicencio | 12345 | Colombia | Windows | 10 | Spanish | Samsung | Galaxy M12 | Android 11 | LuisRey@1234 | [Luis llenar pagina info personal [Luis enters 'Luis' into Nombre de usuario, Luis enters 'Rey' into Apellido de usuario, Luis enters 'alejandrorey0811999@gmail.com' into Email de usuario, Luis select November on Mes nacimiento de usuario, Luis select 8 on Dia nacimiento de usuario, Luis select 1999 on AÃ±o nacimiento de usuario, Luis clicks on Boton para ir a seccion de Direccion], Luis llenar pagina direccion [Luis enters 'Villavicencio' into Ciudad, Luis types 'ARROW_DOWN' in Ciudad, Luis types 'ENTER' in Ciudad, Luis enters '12345' into Codigo postal, Luis clicks on Contenedor de paises, Luis enters 'Colombia' then hits ARROW_DOWN and ENTER into Pais, Luis clicks on Boton que lleva a la seccion Dispositivos], Luis llenar pagina dispositivos [Luis clicks on Contenedor de computadores, Luis enters 'Windows' then hits ARROW_DOWN and ENTER into Computador, Luis clicks on Contenedor de version de computador, Luis enters '10' then hits ARROW_DOWN and ENTER into Version de computador, Luis clicks on Contenedor de lenguajes, Luis enters 'Spanish' then hits ARROW_DOWN and ENTER into Lenguaje, Luis clicks on Contenedor de dispositivos moviles, Luis enters 'Samsung' then hits ARROW_DOWN and ENTER into Dispositivo movil, Luis clicks on Contenedor de modelos de dispositivo movil, Luis enters 'Galaxy M12' then hits ARROW_DOWN and ENTER into Modelo de dispositivo movil, Luis clicks on Contenedor de sistemas operativos del movil, Luis enters 'Android 11' then hits ARROW_DOWN and ENTER into Sistema operativo del movil, Luis clicks on Boton para ir a seccion de Paso final], Luis llenar pagina final [Luis enters 'LuisRey@1234' into ContraseÃ±a de usuario, Luis enters 'LuisRey@1234' into Confirmar la contraseÃ±a de usuario, Luis clicks on Checkbox 01, Luis clicks on Checkbox 02, Luis clicks on Checkbox 03, Luis clicks on Boton para finalizar el resgistro]]
[Test worker] WARN net.thucydides.core.steps.BaseStepListener - stepStarted: net.thucydides.core.steps.ExecutedStepDescription@4614390e
[Test worker] WARN net.thucydides.core.steps.BaseStepListener - stepStarted: net.thucydides.core.steps.ExecutedStepDescription@6d6bbfe4
[Test worker] WARN net.thucydides.core.steps.BaseStepListener - stepFinished: current outcome:Registro de Luis en Utest:Given Luis desea registrarse en la plataforma Utest [Luis abrir pagina utest [Luis opens the Pagina utest, Luis clicks on Boton para iniciar proceso de registro]], When El usuario ingresa toda la informacion requerida por la pagina
| strNombre | strApellido | strEmail | strMesNacimiento | strDiaNacimiento | strAnoNacimiento | strCiudad | strCodigoPostal | strPais | strComputador | strVersionComputador | strLenguajeComputador | strDispositivoMovil | strModeloDispositivoMovil | strSistemaOperativoMovil | strContrasena |
| Luis | Rey | alejandrorey0811999@gmail.com | November | 8 | 1999 | Villavicencio | 12345 | Colombia | Windows | 10 | Spanish | Samsung | Galaxy M12 | Android 11 | LuisRey@1234 | [Luis llenar pagina info personal [Luis enters 'Luis' into Nombre de usuario, Luis enters 'Rey' into Apellido de usuario, Luis enters 'alejandrorey0811999@gmail.com' into Email de usuario, Luis select November on Mes nacimiento de usuario, Luis select 8 on Dia nacimiento de usuario, Luis select 1999 on AÃ±o nacimiento de usuario, Luis clicks on Boton para ir a seccion de Direccion], Luis llenar pagina direccion [Luis enters 'Villavicencio' into Ciudad, Luis types 'ARROW_DOWN' in Ciudad, Luis types 'ENTER' in Ciudad, Luis enters '12345' into Codigo postal, Luis clicks on Contenedor de paises, Luis enters 'Colombia' then hits ARROW_DOWN and ENTER into Pais, Luis clicks on Boton que lleva a la seccion Dispositivos], Luis llenar pagina dispositivos [Luis clicks on Contenedor de computadores, Luis enters 'Windows' then hits ARROW_DOWN and ENTER into Computador, Luis clicks on Contenedor de version de computador, Luis enters '10' then hits ARROW_DOWN and ENTER into Version de computador, Luis clicks on Contenedor de lenguajes, Luis enters 'Spanish' then hits ARROW_DOWN and ENTER into Lenguaje, Luis clicks on Contenedor de dispositivos moviles, Luis enters 'Samsung' then hits ARROW_DOWN and ENTER into Dispositivo movil, Luis clicks on Contenedor de modelos de dispositivo movil, Luis enters 'Galaxy M12' then hits ARROW_DOWN and ENTER into Modelo de dispositivo movil, Luis clicks on Contenedor de sistemas operativos del movil, Luis enters 'Android 11' then hits ARROW_DOWN and ENTER into Sistema operativo del movil, Luis clicks on Boton para ir a seccion de Paso final], Luis llenar pagina final [Luis enters 'LuisRey@1234' into ContraseÃ±a de usuario, Luis enters 'LuisRey@1234' into Confirmar la contraseÃ±a de usuario, Luis clicks on Checkbox 01, Luis clicks on Checkbox 02, Luis clicks on Checkbox 03, Luis clicks on Boton para finalizar el resgistro]], Then El registro se completa cuando aparece el boton Complete Setup
| strTextoFinal |
| Welcome to the world's largest community of freelance software testers! | [Then responder]
[Test worker] WARN net.thucydides.core.steps.BaseStepListener - stepFinished: current outcome:Registro de Luis en Utest:Given Luis desea registrarse en la plataforma Utest [Luis abrir pagina utest [Luis opens the Pagina utest, Luis clicks on Boton para iniciar proceso de registro]], When El usuario ingresa toda la informacion requerida por la pagina
| strNombre | strApellido | strEmail | strMesNacimiento | strDiaNacimiento | strAnoNacimiento | strCiudad | strCodigoPostal | strPais | strComputador | strVersionComputador | strLenguajeComputador | strDispositivoMovil | strModeloDispositivoMovil | strSistemaOperativoMovil | strContrasena |
| Luis | Rey | alejandrorey0811999@gmail.com | November | 8 | 1999 | Villavicencio | 12345 | Colombia | Windows | 10 | Spanish | Samsung | Galaxy M12 | Android 11 | LuisRey@1234 | [Luis llenar pagina info personal [Luis enters 'Luis' into Nombre de usuario, Luis enters 'Rey' into Apellido de usuario, Luis enters 'alejandrorey0811999@gmail.com' into Email de usuario, Luis select November on Mes nacimiento de usuario, Luis select 8 on Dia nacimiento de usuario, Luis select 1999 on AÃ±o nacimiento de usuario, Luis clicks on Boton para ir a seccion de Direccion], Luis llenar pagina direccion [Luis enters 'Villavicencio' into Ciudad, Luis types 'ARROW_DOWN' in Ciudad, Luis types 'ENTER' in Ciudad, Luis enters '12345' into Codigo postal, Luis clicks on Contenedor de paises, Luis enters 'Colombia' then hits ARROW_DOWN and ENTER into Pais, Luis clicks on Boton que lleva a la seccion Dispositivos], Luis llenar pagina dispositivos [Luis clicks on Contenedor de computadores, Luis enters 'Windows' then hits ARROW_DOWN and ENTER into Computador, Luis clicks on Contenedor de version de computador, Luis enters '10' then hits ARROW_DOWN and ENTER into Version de computador, Luis clicks on Contenedor de lenguajes, Luis enters 'Spanish' then hits ARROW_DOWN and ENTER into Lenguaje, Luis clicks on Contenedor de dispositivos moviles, Luis enters 'Samsung' then hits ARROW_DOWN and ENTER into Dispositivo movil, Luis clicks on Contenedor de modelos de dispositivo movil, Luis enters 'Galaxy M12' then hits ARROW_DOWN and ENTER into Modelo de dispositivo movil, Luis clicks on Contenedor de sistemas operativos del movil, Luis enters 'Android 11' then hits ARROW_DOWN and ENTER into Sistema operativo del movil, Luis clicks on Boton para ir a seccion de Paso final], Luis llenar pagina final [Luis enters 'LuisRey@1234' into ContraseÃ±a de usuario, Luis enters 'LuisRey@1234' into Confirmar la contraseÃ±a de usuario, Luis clicks on Checkbox 01, Luis clicks on Checkbox 02, Luis clicks on Checkbox 03, Luis clicks on Boton para finalizar el resgistro]], Then El registro se completa cuando aparece el boton Complete Setup
| strTextoFinal |
| Welcome to the world's largest community of freelance software testers! | [Then responder]
[Test worker] WARN net.thucydides.core.steps.BaseStepListener - testFinished: Registro de Luis en Utest:Given Luis desea registrarse en la plataforma Utest [Luis abrir pagina utest [Luis opens the Pagina utest, Luis clicks on Boton para iniciar proceso de registro]], When El usuario ingresa toda la informacion requerida por la pagina
| strNombre | strApellido | strEmail | strMesNacimiento | strDiaNacimiento | strAnoNacimiento | strCiudad | strCodigoPostal | strPais | strComputador | strVersionComputador | strLenguajeComputador | strDispositivoMovil | strModeloDispositivoMovil | strSistemaOperativoMovil | strContrasena |
| Luis | Rey | alejandrorey0811999@gmail.com | November | 8 | 1999 | Villavicencio | 12345 | Colombia | Windows | 10 | Spanish | Samsung | Galaxy M12 | Android 11 | LuisRey@1234 | [Luis llenar pagina info personal [Luis enters 'Luis' into Nombre de usuario, Luis enters 'Rey' into Apellido de usuario, Luis enters 'alejandrorey0811999@gmail.com' into Email de usuario, Luis select November on Mes nacimiento de usuario, Luis select 8 on Dia nacimiento de usuario, Luis select 1999 on AÃ±o nacimiento de usuario, Luis clicks on Boton para ir a seccion de Direccion], Luis llenar pagina direccion [Luis enters 'Villavicencio' into Ciudad, Luis types 'ARROW_DOWN' in Ciudad, Luis types 'ENTER' in Ciudad, Luis enters '12345' into Codigo postal, Luis clicks on Contenedor de paises, Luis enters 'Colombia' then hits ARROW_DOWN and ENTER into Pais, Luis clicks on Boton que lleva a la seccion Dispositivos], Luis llenar pagina dispositivos [Luis clicks on Contenedor de computadores, Luis enters 'Windows' then hits ARROW_DOWN and ENTER into Computador, Luis clicks on Contenedor de version de computador, Luis enters '10' then hits ARROW_DOWN and ENTER into Version de computador, Luis clicks on Contenedor de lenguajes, Luis enters 'Spanish' then hits ARROW_DOWN and ENTER into Lenguaje, Luis clicks on Contenedor de dispositivos moviles, Luis enters 'Samsung' then hits ARROW_DOWN and ENTER into Dispositivo movil, Luis clicks on Contenedor de modelos de dispositivo movil, Luis enters 'Galaxy M12' then hits ARROW_DOWN and ENTER into Modelo de dispositivo movil, Luis clicks on Contenedor de sistemas operativos del movil, Luis enters 'Android 11' then hits ARROW_DOWN and ENTER into Sistema operativo del movil, Luis clicks on Boton para ir a seccion de Paso final], Luis llenar pagina final [Luis enters 'LuisRey@1234' into ContraseÃ±a de usuario, Luis enters 'LuisRey@1234' into Confirmar la contraseÃ±a de usuario, Luis clicks on Checkbox 01, Luis clicks on Checkbox 02, Luis clicks on Checkbox 03, Luis clicks on Boton para finalizar el resgistro]], Then El registro se completa cuando aparece el boton Complete Setup
| strTextoFinal |
| Welcome to the world's largest community of freelance software testers! | [Then responder]
[Test worker] WARN net.thucydides.core.steps.BaseStepListener - TestOutcomes: [Registro de Luis en Utest:Given Luis desea registrarse en la plataforma Utest [Luis abrir pagina utest [Luis opens the Pagina utest, Luis clicks on Boton para iniciar proceso de registro]], When El usuario ingresa toda la informacion requerida por la pagina
| strNombre | strApellido | strEmail | strMesNacimiento | strDiaNacimiento | strAnoNacimiento | strCiudad | strCodigoPostal | strPais | strComputador | strVersionComputador | strLenguajeComputador | strDispositivoMovil | strModeloDispositivoMovil | strSistemaOperativoMovil | strContrasena |
| Luis | Rey | alejandrorey0811999@gmail.com | November | 8 | 1999 | Villavicencio | 12345 | Colombia | Windows | 10 | Spanish | Samsung | Galaxy M12 | Android 11 | LuisRey@1234 | [Luis llenar pagina info personal [Luis enters 'Luis' into Nombre de usuario, Luis enters 'Rey' into Apellido de usuario, Luis enters 'alejandrorey0811999@gmail.com' into Email de usuario, Luis select November on Mes nacimiento de usuario, Luis select 8 on Dia nacimiento de usuario, Luis select 1999 on AÃ±o nacimiento de usuario, Luis clicks on Boton para ir a seccion de Direccion], Luis llenar pagina direccion [Luis enters 'Villavicencio' into Ciudad, Luis types 'ARROW_DOWN' in Ciudad, Luis types 'ENTER' in Ciudad, Luis enters '12345' into Codigo postal, Luis clicks on Contenedor de paises, Luis enters 'Colombia' then hits ARROW_DOWN and ENTER into Pais, Luis clicks on Boton que lleva a la seccion Dispositivos], Luis llenar pagina dispositivos [Luis clicks on Contenedor de computadores, Luis enters 'Windows' then hits ARROW_DOWN and ENTER into Computador, Luis clicks on Contenedor de version de computador, Luis enters '10' then hits ARROW_DOWN and ENTER into Version de computador, Luis clicks on Contenedor de lenguajes, Luis enters 'Spanish' then hits ARROW_DOWN and ENTER into Lenguaje, Luis clicks on Contenedor de dispositivos moviles, Luis enters 'Samsung' then hits ARROW_DOWN and ENTER into Dispositivo movil, Luis clicks on Contenedor de modelos de dispositivo movil, Luis enters 'Galaxy M12' then hits ARROW_DOWN and ENTER into Modelo de dispositivo movil, Luis clicks on Contenedor de sistemas operativos del movil, Luis enters 'Android 11' then hits ARROW_DOWN and ENTER into Sistema operativo del movil, Luis clicks on Boton para ir a seccion de Paso final], Luis llenar pagina final [Luis enters 'LuisRey@1234' into ContraseÃ±a de usuario, Luis enters 'LuisRey@1234' into Confirmar la contraseÃ±a de usuario, Luis clicks on Checkbox 01, Luis clicks on Checkbox 02, Luis clicks on Checkbox 03, Luis clicks on Boton para finalizar el resgistro]], Then El registro se completa cuando aparece el boton Complete Setup
| strTextoFinal |
| Welcome to the world's largest community of freelance software testers! | [Then responder]]
[Test worker] WARN net.thucydides.core.steps.BaseStepListener - Final testOutcomes: [Registro de Luis en Utest:Given Luis desea registrarse en la plataforma Utest [Luis abrir pagina utest [Luis opens the Pagina utest, Luis clicks on Boton para iniciar proceso de registro]], When El usuario ingresa toda la informacion requerida por la pagina
| strNombre | strApellido | strEmail | strMesNacimiento | strDiaNacimiento | strAnoNacimiento | strCiudad | strCodigoPostal | strPais | strComputador | strVersionComputador | strLenguajeComputador | strDispositivoMovil | strModeloDispositivoMovil | strSistemaOperativoMovil | strContrasena |
| Luis | Rey | alejandrorey0811999@gmail.com | November | 8 | 1999 | Villavicencio | 12345 | Colombia | Windows | 10 | Spanish | Samsung | Galaxy M12 | Android 11 | LuisRey@1234 | [Luis llenar pagina info personal [Luis enters 'Luis' into Nombre de usuario, Luis enters 'Rey' into Apellido de usuario, Luis enters 'alejandrorey0811999@gmail.com' into Email de usuario, Luis select November on Mes nacimiento de usuario, Luis select 8 on Dia nacimiento de usuario, Luis select 1999 on AÃ±o nacimiento de usuario, Luis clicks on Boton para ir a seccion de Direccion], Luis llenar pagina direccion [Luis enters 'Villavicencio' into Ciudad, Luis types 'ARROW_DOWN' in Ciudad, Luis types 'ENTER' in Ciudad, Luis enters '12345' into Codigo postal, Luis clicks on Contenedor de paises, Luis enters 'Colombia' then hits ARROW_DOWN and ENTER into Pais, Luis clicks on Boton que lleva a la seccion Dispositivos], Luis llenar pagina dispositivos [Luis clicks on Contenedor de computadores, Luis enters 'Windows' then hits ARROW_DOWN and ENTER into Computador, Luis clicks on Contenedor de version de computador, Luis enters '10' then hits ARROW_DOWN and ENTER into Version de computador, Luis clicks on Contenedor de lenguajes, Luis enters 'Spanish' then hits ARROW_DOWN and ENTER into Lenguaje, Luis clicks on Contenedor de dispositivos moviles, Luis enters 'Samsung' then hits ARROW_DOWN and ENTER into Dispositivo movil, Luis clicks on Contenedor de modelos de dispositivo movil, Luis enters 'Galaxy M12' then hits ARROW_DOWN and ENTER into Modelo de dispositivo movil, Luis clicks on Contenedor de sistemas operativos del movil, Luis enters 'Android 11' then hits ARROW_DOWN and ENTER into Sistema operativo del movil, Luis clicks on Boton para ir a seccion de Paso final], Luis llenar pagina final [Luis enters 'LuisRey@1234' into ContraseÃ±a de usuario, Luis enters 'LuisRey@1234' into Confirmar la contraseÃ±a de usuario, Luis clicks on Checkbox 01, Luis clicks on Checkbox 02, Luis clicks on Checkbox 03, Luis clicks on Boton para finalizar el resgistro]], Then El registro se completa cuando aparece el boton Complete Setup
| strTextoFinal |
| Welcome to the world's largest community of freelance software testers! | [Then responder]]
[Test worker] INFO net.thucydides.core.steps.ConsoleLoggingListener - 
        __    _____ _____ ____ _____   ____   _    ____  ____  _____ ____  
  _     \ \  |_   _| ____/ ___|_   _| |  _ \ / \  / ___|/ ___|| ____|  _ \ 
 (_)_____| |   | | |  _| \___ \ | |   | |_) / _ \ \___ \\___ \|  _| | | | |
  _|_____| |   | | | |___ ___) || |   |  __/ ___ \ ___) |___) | |___| |_| |
 (_)     | |   |_| |_____|____/ |_|   |_| /_/   \_\____/|____/|_____|____/ 
        /_/                                                                

TEST PASSED: Registro de Luis en Utest
----------------------------------------------------------------------------
]]></system-err>
</testsuite>
